0 info it worked if it ends with ok
1 verbose cli [ 'c:\\Program Files\\nodejs\\node.exe',
1 verbose cli   'c:\\Program Files\\nodejs\\node_modules\\npm\\bin\\npm-cli.js',
1 verbose cli   'i',
1 verbose cli   'bcrypt',
1 verbose cli   '--save' ]
2 info using npm@3.8.6
3 info using node@v6.1.0
4 silly loadCurrentTree Starting
5 silly install loadCurrentTree
6 silly install readLocalPackageData
7 silly fetchPackageMetaData bcrypt
8 silly fetchNamedPackageData bcrypt
9 silly mapToRegistry name bcrypt
10 silly mapToRegistry using default registry
11 silly mapToRegistry registry https://registry.npmjs.org/
12 silly mapToRegistry data Result {
12 silly mapToRegistry   raw: 'bcrypt',
12 silly mapToRegistry   scope: null,
12 silly mapToRegistry   name: 'bcrypt',
12 silly mapToRegistry   rawSpec: '',
12 silly mapToRegistry   spec: 'latest',
12 silly mapToRegistry   type: 'tag' }
13 silly mapToRegistry uri https://registry.npmjs.org/bcrypt
14 verbose request uri https://registry.npmjs.org/bcrypt
15 verbose request no auth needed
16 info attempt registry request try #1 at 14:45:12
17 verbose request id 17d46759e200ff23
18 verbose etag "C732ZMNYAG6GBU1DOLULG793M"
19 http request GET https://registry.npmjs.org/bcrypt
20 http 304 https://registry.npmjs.org/bcrypt
21 verbose headers { date: 'Tue, 18 Oct 2016 10:45:11 GMT',
21 verbose headers   via: '1.1 varnish',
21 verbose headers   'cache-control': 'max-age=300',
21 verbose headers   etag: '"C732ZMNYAG6GBU1DOLULG793M"',
21 verbose headers   age: '200',
21 verbose headers   connection: 'keep-alive',
21 verbose headers   'x-served-by': 'cache-fra1229-FRA',
21 verbose headers   'x-cache': 'HIT',
21 verbose headers   'x-cache-hits': '2',
21 verbose headers   'x-timer': 'S1476787511.318958,VS0,VE0',
21 verbose headers   vary: 'Accept-Encoding' }
22 silly get cb [ 304,
22 silly get   { date: 'Tue, 18 Oct 2016 10:45:11 GMT',
22 silly get     via: '1.1 varnish',
22 silly get     'cache-control': 'max-age=300',
22 silly get     etag: '"C732ZMNYAG6GBU1DOLULG793M"',
22 silly get     age: '200',
22 silly get     connection: 'keep-alive',
22 silly get     'x-served-by': 'cache-fra1229-FRA',
22 silly get     'x-cache': 'HIT',
22 silly get     'x-cache-hits': '2',
22 silly get     'x-timer': 'S1476787511.318958,VS0,VE0',
22 silly get     vary: 'Accept-Encoding' } ]
23 verbose etag https://registry.npmjs.org/bcrypt from cache
24 verbose get saving bcrypt to C:\Users\Ян\AppData\Roaming\npm-cache\registry.npmjs.org\bcrypt\.cache.json
25 verbose correctMkdir C:\Users\Ян\AppData\Roaming\npm-cache correctMkdir not in flight; initializing
26 silly install normalizeTree
27 silly loadCurrentTree Finishing
28 silly loadIdealTree Starting
29 silly install loadIdealTree
30 silly cloneCurrentTree Starting
31 silly install cloneCurrentTreeToIdealTree
32 silly cloneCurrentTree Finishing
33 silly loadShrinkwrap Starting
34 silly install loadShrinkwrap
35 silly loadShrinkwrap Finishing
36 silly loadAllDepsIntoIdealTree Starting
37 silly install loadAllDepsIntoIdealTree
38 silly resolveWithNewModule bcrypt@0.8.7 checking installable status
39 silly cache add args [ 'bcrypt', null ]
40 verbose cache add spec bcrypt
41 silly cache add parsed spec Result {
41 silly cache add   raw: 'bcrypt',
41 silly cache add   scope: null,
41 silly cache add   name: 'bcrypt',
41 silly cache add   rawSpec: '',
41 silly cache add   spec: 'latest',
41 silly cache add   type: 'tag' }
42 silly addNamed bcrypt@latest
43 verbose addNamed "latest" is being treated as a dist-tag for bcrypt
44 info addNameTag [ 'bcrypt', 'latest' ]
45 silly mapToRegistry name bcrypt
46 silly mapToRegistry using default registry
47 silly mapToRegistry registry https://registry.npmjs.org/
48 silly mapToRegistry data Result {
48 silly mapToRegistry   raw: 'bcrypt',
48 silly mapToRegistry   scope: null,
48 silly mapToRegistry   name: 'bcrypt',
48 silly mapToRegistry   rawSpec: '',
48 silly mapToRegistry   spec: 'latest',
48 silly mapToRegistry   type: 'tag' }
49 silly mapToRegistry uri https://registry.npmjs.org/bcrypt
50 verbose addNameTag registry:https://registry.npmjs.org/bcrypt not in flight; fetching
51 verbose get https://registry.npmjs.org/bcrypt not expired, no request
52 silly addNameTag next cb for bcrypt with tag latest
53 silly addNamed bcrypt@0.8.7
54 verbose addNamed "0.8.7" is a plain semver version for bcrypt
55 silly cache afterAdd bcrypt@0.8.7
56 verbose afterAdd C:\Users\Ян\AppData\Roaming\npm-cache\bcrypt\0.8.7\package\package.json not in flight; writing
57 verbose correctMkdir C:\Users\Ян\AppData\Roaming\npm-cache correctMkdir not in flight; initializing
58 verbose afterAdd C:\Users\Ян\AppData\Roaming\npm-cache\bcrypt\0.8.7\package\package.json written
59 silly fetchNamedPackageData bindings
60 silly mapToRegistry name bindings
61 silly mapToRegistry using default registry
62 silly mapToRegistry registry https://registry.npmjs.org/
63 silly mapToRegistry data Result {
63 silly mapToRegistry   raw: 'bindings',
63 silly mapToRegistry   scope: null,
63 silly mapToRegistry   name: 'bindings',
63 silly mapToRegistry   rawSpec: '',
63 silly mapToRegistry   spec: 'latest',
63 silly mapToRegistry   type: 'tag' }
64 silly mapToRegistry uri https://registry.npmjs.org/bindings
65 silly fetchNamedPackageData nan
66 silly mapToRegistry name nan
67 silly mapToRegistry using default registry
68 silly mapToRegistry registry https://registry.npmjs.org/
69 silly mapToRegistry data Result {
69 silly mapToRegistry   raw: 'nan',
69 silly mapToRegistry   scope: null,
69 silly mapToRegistry   name: 'nan',
69 silly mapToRegistry   rawSpec: '',
69 silly mapToRegistry   spec: 'latest',
69 silly mapToRegistry   type: 'tag' }
70 silly mapToRegistry uri https://registry.npmjs.org/nan
71 verbose request uri https://registry.npmjs.org/nan
72 verbose request no auth needed
73 info attempt registry request try #1 at 14:45:12
74 verbose etag "1YJEPM5V4XH0MZT0HV3B8R9BB"
75 http request GET https://registry.npmjs.org/nan
76 verbose request uri https://registry.npmjs.org/bindings
77 verbose request no auth needed
78 info attempt registry request try #1 at 14:45:12
79 verbose etag "C1AW6UVQGY4VZQGFC1WTIGMDV"
80 http request GET https://registry.npmjs.org/bindings
81 http 304 https://registry.npmjs.org/nan
82 verbose headers { date: 'Tue, 18 Oct 2016 10:45:11 GMT',
82 verbose headers   via: '1.1 varnish',
82 verbose headers   'cache-control': 'max-age=300',
82 verbose headers   etag: '"1YJEPM5V4XH0MZT0HV3B8R9BB"',
82 verbose headers   age: '30',
82 verbose headers   connection: 'keep-alive',
82 verbose headers   'x-served-by': 'cache-fra1229-FRA',
82 verbose headers   'x-cache': 'HIT',
82 verbose headers   'x-cache-hits': '1',
82 verbose headers   'x-timer': 'S1476787511.631307,VS0,VE0',
82 verbose headers   vary: 'Accept-Encoding' }
83 silly get cb [ 304,
83 silly get   { date: 'Tue, 18 Oct 2016 10:45:11 GMT',
83 silly get     via: '1.1 varnish',
83 silly get     'cache-control': 'max-age=300',
83 silly get     etag: '"1YJEPM5V4XH0MZT0HV3B8R9BB"',
83 silly get     age: '30',
83 silly get     connection: 'keep-alive',
83 silly get     'x-served-by': 'cache-fra1229-FRA',
83 silly get     'x-cache': 'HIT',
83 silly get     'x-cache-hits': '1',
83 silly get     'x-timer': 'S1476787511.631307,VS0,VE0',
83 silly get     vary: 'Accept-Encoding' } ]
84 verbose etag https://registry.npmjs.org/nan from cache
85 verbose get saving nan to C:\Users\Ян\AppData\Roaming\npm-cache\registry.npmjs.org\nan\.cache.json
86 verbose correctMkdir C:\Users\Ян\AppData\Roaming\npm-cache correctMkdir not in flight; initializing
87 silly resolveWithNewModule nan@2.3.5 checking installable status
88 silly cache add args [ 'nan@2.3.5', null ]
89 verbose cache add spec nan@2.3.5
90 silly cache add parsed spec Result {
90 silly cache add   raw: 'nan@2.3.5',
90 silly cache add   scope: null,
90 silly cache add   name: 'nan',
90 silly cache add   rawSpec: '2.3.5',
90 silly cache add   spec: '2.3.5',
90 silly cache add   type: 'version' }
91 silly addNamed nan@2.3.5
92 verbose addNamed "2.3.5" is a plain semver version for nan
93 silly mapToRegistry name nan
94 silly mapToRegistry using default registry
95 silly mapToRegistry registry https://registry.npmjs.org/
96 silly mapToRegistry data Result {
96 silly mapToRegistry   raw: 'nan',
96 silly mapToRegistry   scope: null,
96 silly mapToRegistry   name: 'nan',
96 silly mapToRegistry   rawSpec: '',
96 silly mapToRegistry   spec: 'latest',
96 silly mapToRegistry   type: 'tag' }
97 silly mapToRegistry uri https://registry.npmjs.org/nan
98 verbose addNameVersion registry:https://registry.npmjs.org/nan not in flight; fetching
99 verbose get https://registry.npmjs.org/nan not expired, no request
100 silly cache afterAdd nan@2.3.5
101 verbose afterAdd C:\Users\Ян\AppData\Roaming\npm-cache\nan\2.3.5\package\package.json not in flight; writing
102 verbose correctMkdir C:\Users\Ян\AppData\Roaming\npm-cache correctMkdir not in flight; initializing
103 verbose afterAdd C:\Users\Ян\AppData\Roaming\npm-cache\nan\2.3.5\package\package.json written
104 http 304 https://registry.npmjs.org/bindings
105 verbose headers { date: 'Tue, 18 Oct 2016 10:45:11 GMT',
105 verbose headers   via: '1.1 varnish',
105 verbose headers   'cache-control': 'max-age=300',
105 verbose headers   etag: '"C1AW6UVQGY4VZQGFC1WTIGMDV"',
105 verbose headers   age: '34',
105 verbose headers   connection: 'keep-alive',
105 verbose headers   'x-served-by': 'cache-fra1230-FRA',
105 verbose headers   'x-cache': 'HIT',
105 verbose headers   'x-cache-hits': '1',
105 verbose headers   'x-timer': 'S1476787511.726374,VS0,VE0',
105 verbose headers   vary: 'Accept-Encoding' }
106 silly get cb [ 304,
106 silly get   { date: 'Tue, 18 Oct 2016 10:45:11 GMT',
106 silly get     via: '1.1 varnish',
106 silly get     'cache-control': 'max-age=300',
106 silly get     etag: '"C1AW6UVQGY4VZQGFC1WTIGMDV"',
106 silly get     age: '34',
106 silly get     connection: 'keep-alive',
106 silly get     'x-served-by': 'cache-fra1230-FRA',
106 silly get     'x-cache': 'HIT',
106 silly get     'x-cache-hits': '1',
106 silly get     'x-timer': 'S1476787511.726374,VS0,VE0',
106 silly get     vary: 'Accept-Encoding' } ]
107 verbose etag https://registry.npmjs.org/bindings from cache
108 verbose get saving bindings to C:\Users\Ян\AppData\Roaming\npm-cache\registry.npmjs.org\bindings\.cache.json
109 verbose correctMkdir C:\Users\Ян\AppData\Roaming\npm-cache correctMkdir not in flight; initializing
110 silly resolveWithNewModule bindings@1.2.1 checking installable status
111 silly cache add args [ 'bindings@1.2.1', null ]
112 verbose cache add spec bindings@1.2.1
113 silly cache add parsed spec Result {
113 silly cache add   raw: 'bindings@1.2.1',
113 silly cache add   scope: null,
113 silly cache add   name: 'bindings',
113 silly cache add   rawSpec: '1.2.1',
113 silly cache add   spec: '1.2.1',
113 silly cache add   type: 'version' }
114 silly addNamed bindings@1.2.1
115 verbose addNamed "1.2.1" is a plain semver version for bindings
116 silly mapToRegistry name bindings
117 silly mapToRegistry using default registry
118 silly mapToRegistry registry https://registry.npmjs.org/
119 silly mapToRegistry data Result {
119 silly mapToRegistry   raw: 'bindings',
119 silly mapToRegistry   scope: null,
119 silly mapToRegistry   name: 'bindings',
119 silly mapToRegistry   rawSpec: '',
119 silly mapToRegistry   spec: 'latest',
119 silly mapToRegistry   type: 'tag' }
120 silly mapToRegistry uri https://registry.npmjs.org/bindings
121 verbose addNameVersion registry:https://registry.npmjs.org/bindings not in flight; fetching
122 verbose get https://registry.npmjs.org/bindings not expired, no request
123 silly cache afterAdd bindings@1.2.1
124 verbose afterAdd C:\Users\Ян\AppData\Roaming\npm-cache\bindings\1.2.1\package\package.json not in flight; writing
125 verbose correctMkdir C:\Users\Ян\AppData\Roaming\npm-cache correctMkdir not in flight; initializing
126 verbose afterAdd C:\Users\Ян\AppData\Roaming\npm-cache\bindings\1.2.1\package\package.json written
127 silly loadAllDepsIntoIdealTree Finishing
128 silly idealTree:prePrune crystal@1.0.0
128 silly idealTree:prePrune +-- @f/defaults@1.0.1
128 silly idealTree:prePrune +-- @f/foreach-array@1.0.0
128 silly idealTree:prePrune +-- @f/foreach-obj@1.1.1
128 silly idealTree:prePrune +-- @f/foreach@1.2.2
128 silly idealTree:prePrune +-- @f/is-array@1.1.1
128 silly idealTree:prePrune +-- @f/is-function@1.1.1
128 silly idealTree:prePrune +-- @f/is-object@1.1.4
128 silly idealTree:prePrune +-- accepts@1.3.3
128 silly idealTree:prePrune +-- acorn-globals@1.0.9
128 silly idealTree:prePrune +-- acorn@2.7.0
128 silly idealTree:prePrune +-- align-text@0.1.4
128 silly idealTree:prePrune +-- amdefine@1.0.0
128 silly idealTree:prePrune +-- ansi-regex@2.0.0
128 silly idealTree:prePrune +-- ansi-styles@2.2.1
128 silly idealTree:prePrune +-- any-promise@1.3.0
128 silly idealTree:prePrune +-- ap@0.2.0
128 silly idealTree:prePrune +-- array-uniq@1.0.2
128 silly idealTree:prePrune +-- asap@1.0.0
128 silly idealTree:prePrune +-- async@0.2.10
128 silly idealTree:prePrune +-- babel-code-frame@6.16.0
128 silly idealTree:prePrune +-- babel-core@6.17.0
128 silly idealTree:prePrune +-- babel-generator@6.17.0
128 silly idealTree:prePrune +-- babel-helper-bindify-decorators@6.8.0
128 silly idealTree:prePrune +-- babel-helper-builder-binary-assignment-operator-visitor@6.15.0
128 silly idealTree:prePrune +-- babel-helper-call-delegate@6.8.0
128 silly idealTree:prePrune +-- babel-helper-define-map@6.9.0
128 silly idealTree:prePrune +-- babel-helper-explode-assignable-expression@6.8.0
128 silly idealTree:prePrune +-- babel-helper-explode-class@6.8.0
128 silly idealTree:prePrune +-- babel-helper-function-name@6.8.0
128 silly idealTree:prePrune +-- babel-helper-get-function-arity@6.8.0
128 silly idealTree:prePrune +-- babel-helper-hoist-variables@6.8.0
128 silly idealTree:prePrune +-- babel-helper-optimise-call-expression@6.8.0
128 silly idealTree:prePrune +-- babel-helper-regex@6.9.0
128 silly idealTree:prePrune +-- babel-helper-remap-async-to-generator@6.16.2
128 silly idealTree:prePrune +-- babel-helper-replace-supers@6.16.0
128 silly idealTree:prePrune +-- babel-helpers@6.16.0
128 silly idealTree:prePrune +-- babel-messages@6.8.0
128 silly idealTree:prePrune +-- babel-plugin-check-es2015-constants@6.8.0
128 silly idealTree:prePrune +-- babel-plugin-syntax-async-functions@6.13.0
128 silly idealTree:prePrune +-- babel-plugin-syntax-async-generators@6.13.0
128 silly idealTree:prePrune +-- babel-plugin-syntax-class-constructor-call@6.13.0
128 silly idealTree:prePrune +-- babel-plugin-syntax-class-properties@6.13.0
128 silly idealTree:prePrune +-- babel-plugin-syntax-decorators@6.13.0
128 silly idealTree:prePrune +-- babel-plugin-syntax-do-expressions@6.13.0
128 silly idealTree:prePrune +-- babel-plugin-syntax-exponentiation-operator@6.13.0
128 silly idealTree:prePrune +-- babel-plugin-syntax-export-extensions@6.13.0
128 silly idealTree:prePrune +-- babel-plugin-syntax-function-bind@6.13.0
128 silly idealTree:prePrune +-- babel-plugin-syntax-object-rest-spread@6.13.0
128 silly idealTree:prePrune +-- babel-plugin-syntax-trailing-function-commas@6.13.0
128 silly idealTree:prePrune +-- babel-plugin-transform-async-generator-functions@6.17.0
128 silly idealTree:prePrune +-- babel-plugin-transform-async-to-generator@6.16.0
128 silly idealTree:prePrune +-- babel-plugin-transform-class-constructor-call@6.8.0
128 silly idealTree:prePrune +-- babel-plugin-transform-class-properties@6.16.0
128 silly idealTree:prePrune +-- babel-plugin-transform-decorators@6.13.0
128 silly idealTree:prePrune +-- babel-plugin-transform-do-expressions@6.8.0
128 silly idealTree:prePrune +-- babel-plugin-transform-es2015-arrow-functions@6.8.0
128 silly idealTree:prePrune +-- babel-plugin-transform-es2015-block-scoped-functions@6.8.0
128 silly idealTree:prePrune +-- babel-plugin-transform-es2015-block-scoping@6.15.0
128 silly idealTree:prePrune +-- babel-plugin-transform-es2015-classes@6.14.0
128 silly idealTree:prePrune +-- babel-plugin-transform-es2015-computed-properties@6.8.0
128 silly idealTree:prePrune +-- babel-plugin-transform-es2015-destructuring@6.16.0
128 silly idealTree:prePrune +-- babel-plugin-transform-es2015-duplicate-keys@6.8.0
128 silly idealTree:prePrune +-- babel-plugin-transform-es2015-for-of@6.8.0
128 silly idealTree:prePrune +-- babel-plugin-transform-es2015-function-name@6.9.0
128 silly idealTree:prePrune +-- babel-plugin-transform-es2015-literals@6.8.0
128 silly idealTree:prePrune +-- babel-plugin-transform-es2015-modules-amd@6.8.0
128 silly idealTree:prePrune +-- babel-plugin-transform-es2015-modules-commonjs@6.16.0
128 silly idealTree:prePrune +-- babel-plugin-transform-es2015-modules-systemjs@6.14.0
128 silly idealTree:prePrune +-- babel-plugin-transform-es2015-modules-umd@6.12.0
128 silly idealTree:prePrune +-- babel-plugin-transform-es2015-object-super@6.8.0
128 silly idealTree:prePrune +-- babel-plugin-transform-es2015-parameters@6.17.0
128 silly idealTree:prePrune +-- babel-plugin-transform-es2015-shorthand-properties@6.8.0
128 silly idealTree:prePrune +-- babel-plugin-transform-es2015-spread@6.8.0
128 silly idealTree:prePrune +-- babel-plugin-transform-es2015-sticky-regex@6.8.0
128 silly idealTree:prePrune +-- babel-plugin-transform-es2015-template-literals@6.8.0
128 silly idealTree:prePrune +-- babel-plugin-transform-es2015-typeof-symbol@6.8.0
128 silly idealTree:prePrune +-- babel-plugin-transform-es2015-unicode-regex@6.11.0
128 silly idealTree:prePrune +-- babel-plugin-transform-exponentiation-operator@6.8.0
128 silly idealTree:prePrune +-- babel-plugin-transform-export-extensions@6.8.0
128 silly idealTree:prePrune +-- babel-plugin-transform-function-bind@6.8.0
128 silly idealTree:prePrune +-- babel-plugin-transform-object-rest-spread@6.16.0
128 silly idealTree:prePrune +-- babel-plugin-transform-regenerator@6.16.1
128 silly idealTree:prePrune +-- babel-plugin-transform-strict-mode@6.11.3
128 silly idealTree:prePrune +-- babel-polyfill@6.16.0
128 silly idealTree:prePrune +-- babel-preset-es2015@6.16.0
128 silly idealTree:prePrune +-- babel-preset-stage-0@6.16.0
128 silly idealTree:prePrune +-- babel-preset-stage-1@6.16.0
128 silly idealTree:prePrune +-- babel-preset-stage-2@6.17.0
128 silly idealTree:prePrune +-- babel-preset-stage-3@6.17.0
128 silly idealTree:prePrune +-- babel-register@6.16.3
128 silly idealTree:prePrune +-- babel-runtime@6.11.6
128 silly idealTree:prePrune +-- babel-template@6.16.0
128 silly idealTree:prePrune +-- babel-traverse@6.16.0
128 silly idealTree:prePrune +-- babel-types@6.16.0
128 silly idealTree:prePrune +-- babylon@6.12.0
128 silly idealTree:prePrune +-- balanced-match@0.4.2
128 silly idealTree:prePrune +-- base64-url@1.3.2
128 silly idealTree:prePrune +-- bcrypt@0.8.7
128 silly idealTree:prePrune +-- bignumber.js@2.3.0
128 silly idealTree:prePrune +-- bindings@1.2.1
128 silly idealTree:prePrune +-- bluebird@3.4.6
128 silly idealTree:prePrune +-- brace-expansion@1.1.6
128 silly idealTree:prePrune +-- buffer-writer@1.0.1
128 silly idealTree:prePrune +-- bytes@2.4.0
128 silly idealTree:prePrune +-- camelcase@1.2.1
128 silly idealTree:prePrune +-- camelize@1.0.0
128 silly idealTree:prePrune +-- center-align@0.1.3
128 silly idealTree:prePrune +-- chalk@1.1.3
128 silly idealTree:prePrune +-- character-parser@1.2.1
128 silly idealTree:prePrune +-- clean-css@3.4.20
128 silly idealTree:prePrune | +-- commander@2.8.1
128 silly idealTree:prePrune | `-- source-map@0.4.4
128 silly idealTree:prePrune +-- cliui@2.1.0
128 silly idealTree:prePrune | `-- wordwrap@0.0.2
128 silly idealTree:prePrune +-- co-body@4.2.0
128 silly idealTree:prePrune +-- co@4.6.0
128 silly idealTree:prePrune +-- commander@2.6.0
128 silly idealTree:prePrune +-- concat-map@0.0.1
128 silly idealTree:prePrune +-- connect@3.4.1
128 silly idealTree:prePrune +-- consolidate@0.14.1
128 silly idealTree:prePrune +-- constantinople@3.0.2
128 silly idealTree:prePrune +-- content-disposition@0.5.1
128 silly idealTree:prePrune +-- content-security-policy-builder@1.0.0
128 silly idealTree:prePrune +-- content-type@1.0.2
128 silly idealTree:prePrune +-- convert-source-map@1.3.0
128 silly idealTree:prePrune +-- cookies@0.6.1
128 silly idealTree:prePrune +-- copy-to@2.0.1
128 silly idealTree:prePrune +-- core-js@2.4.1
128 silly idealTree:prePrune +-- core-util-is@1.0.2
128 silly idealTree:prePrune +-- crc@3.4.0
128 silly idealTree:prePrune +-- cross-env@3.1.3
128 silly idealTree:prePrune +-- cross-spawn@3.0.1
128 silly idealTree:prePrune +-- css-parse@1.0.4
128 silly idealTree:prePrune +-- css-stringify@1.0.5
128 silly idealTree:prePrune +-- css@1.0.8
128 silly idealTree:prePrune +-- dashify@0.2.2
128 silly idealTree:prePrune +-- debug@2.2.0
128 silly idealTree:prePrune +-- decamelize@1.2.0
128 silly idealTree:prePrune +-- deep-equal@1.0.1
128 silly idealTree:prePrune +-- delegates@1.0.0
128 silly idealTree:prePrune +-- depd@1.1.0
128 silly idealTree:prePrune +-- destroy@1.0.4
128 silly idealTree:prePrune +-- detect-indent@3.0.1
128 silly idealTree:prePrune +-- dns-prefetch-control@0.1.0
128 silly idealTree:prePrune +-- dont-sniff-mimetype@1.0.0
128 silly idealTree:prePrune +-- dottie@1.1.1
128 silly idealTree:prePrune +-- ee-first@1.1.1
128 silly idealTree:prePrune +-- error-inject@1.0.0
128 silly idealTree:prePrune +-- escape-html@1.0.3
128 silly idealTree:prePrune +-- escape-string-regexp@1.0.5
128 silly idealTree:prePrune +-- esutils@2.0.2
128 silly idealTree:prePrune +-- finalhandler@0.4.1
128 silly idealTree:prePrune +-- frameguard@2.0.0
128 silly idealTree:prePrune +-- fresh@0.3.0
128 silly idealTree:prePrune +-- generic-pool@2.4.2
128 silly idealTree:prePrune +-- get-stdin@4.0.1
128 silly idealTree:prePrune +-- globals@8.18.0
128 silly idealTree:prePrune +-- graceful-readlink@1.0.1
128 silly idealTree:prePrune +-- has-ansi@2.0.0
128 silly idealTree:prePrune +-- helmet-csp@1.2.2
128 silly idealTree:prePrune +-- helmet@2.3.0
128 silly idealTree:prePrune +-- hide-powered-by@1.0.0
128 silly idealTree:prePrune +-- home-or-tmp@1.0.0
128 silly idealTree:prePrune +-- hpkp@1.2.0
128 silly idealTree:prePrune +-- hsts@1.0.0
128 silly idealTree:prePrune +-- http-assert@1.2.0
128 silly idealTree:prePrune | `-- http-errors@1.4.0
128 silly idealTree:prePrune +-- http-errors@1.5.0
128 silly idealTree:prePrune +-- iconv-lite@0.4.13
128 silly idealTree:prePrune +-- ienoopen@1.0.0
128 silly idealTree:prePrune +-- inflation@2.0.0
128 silly idealTree:prePrune +-- inflection@1.10.0
128 silly idealTree:prePrune +-- inherits@2.0.1
128 silly idealTree:prePrune +-- invariant@2.2.1
128 silly idealTree:prePrune +-- is-buffer@1.1.4
128 silly idealTree:prePrune +-- is-finite@1.0.2
128 silly idealTree:prePrune +-- is-generator-function@1.0.3
128 silly idealTree:prePrune +-- is-promise@2.1.0
128 silly idealTree:prePrune +-- isarray@0.0.1
128 silly idealTree:prePrune +-- isexe@1.1.2
128 silly idealTree:prePrune +-- jade@1.11.0
128 silly idealTree:prePrune +-- js-tokens@2.0.0
128 silly idealTree:prePrune +-- jsesc@1.3.0
128 silly idealTree:prePrune +-- json5@0.4.0
128 silly idealTree:prePrune +-- jstransformer@0.0.2
128 silly idealTree:prePrune +-- keygrip@1.0.1
128 silly idealTree:prePrune +-- kind-of@3.0.4
128 silly idealTree:prePrune +-- koa-bodyparser@3.2.0
128 silly idealTree:prePrune +-- koa-compose@3.1.0
128 silly idealTree:prePrune +-- koa-convert@1.2.0
128 silly idealTree:prePrune +-- koa-generic-session@1.11.3
128 silly idealTree:prePrune +-- koa-helmet@2.0.0
128 silly idealTree:prePrune +-- koa-is-json@1.0.0
128 silly idealTree:prePrune +-- koa-passport@3.0.0-rc.1
128 silly idealTree:prePrune +-- koa-route@3.2.0
128 silly idealTree:prePrune +-- koa-router@7.0.1
128 silly idealTree:prePrune +-- koa-send@3.1.1
128 silly idealTree:prePrune +-- koa-session@3.4.0
128 silly idealTree:prePrune +-- koa-static@2.0.0
128 silly idealTree:prePrune +-- koa-views@5.0.2
128 silly idealTree:prePrune +-- koa@2.0.0
128 silly idealTree:prePrune +-- lazy-cache@1.0.4
128 silly idealTree:prePrune +-- lodash.reduce@4.5.0
128 silly idealTree:prePrune +-- lodash@4.12.0
128 silly idealTree:prePrune +-- longest@1.0.1
128 silly idealTree:prePrune +-- loose-envify@1.2.0
128 silly idealTree:prePrune | `-- js-tokens@1.0.3
128 silly idealTree:prePrune +-- lru-cache@4.0.1
128 silly idealTree:prePrune +-- media-typer@0.3.0
128 silly idealTree:prePrune +-- methods@1.1.2
128 silly idealTree:prePrune +-- mime-db@1.24.0
128 silly idealTree:prePrune +-- mime-types@2.1.12
128 silly idealTree:prePrune +-- minimatch@3.0.3
128 silly idealTree:prePrune +-- minimist@1.2.0
128 silly idealTree:prePrune +-- mkdirp@0.5.1
128 silly idealTree:prePrune | `-- minimist@0.0.8
128 silly idealTree:prePrune +-- moment-timezone@0.5.6
128 silly idealTree:prePrune +-- moment@2.15.1
128 silly idealTree:prePrune +-- ms@0.7.1
128 silly idealTree:prePrune +-- mysql@2.11.1
128 silly idealTree:prePrune +-- mz@2.4.0
128 silly idealTree:prePrune +-- nan@2.3.5
128 silly idealTree:prePrune +-- negotiator@0.6.1
128 silly idealTree:prePrune +-- nocache@1.0.1
128 silly idealTree:prePrune +-- node-uuid@1.4.7
128 silly idealTree:prePrune +-- number-is-nan@1.0.1
128 silly idealTree:prePrune +-- object-assign@4.1.0
128 silly idealTree:prePrune +-- on-finished@2.3.0
128 silly idealTree:prePrune +-- only@0.0.2
128 silly idealTree:prePrune +-- optimist@0.3.7
128 silly idealTree:prePrune +-- os-tmpdir@1.0.2
128 silly idealTree:prePrune +-- packet-reader@0.2.0
128 silly idealTree:prePrune +-- parseurl@1.3.1
128 silly idealTree:prePrune +-- passport-local@1.0.0
128 silly idealTree:prePrune +-- passport-strategy@1.0.0
128 silly idealTree:prePrune +-- passport@0.3.2
128 silly idealTree:prePrune +-- path-exists@1.0.0
128 silly idealTree:prePrune +-- path-is-absolute@1.0.1
128 silly idealTree:prePrune +-- path-to-regexp@1.6.0
128 silly idealTree:prePrune +-- pause@0.0.1
128 silly idealTree:prePrune +-- pg-connection-string@0.1.3
128 silly idealTree:prePrune +-- pg-hstore@2.3.2
128 silly idealTree:prePrune +-- pg-pool@1.5.0
128 silly idealTree:prePrune +-- pg-types@1.11.0
128 silly idealTree:prePrune +-- pg@6.1.0
128 silly idealTree:prePrune | `-- semver@4.3.2
128 silly idealTree:prePrune +-- pgpass@1.0.1
128 silly idealTree:prePrune +-- platform@1.3.1
128 silly idealTree:prePrune +-- postgres-array@1.0.0
128 silly idealTree:prePrune +-- postgres-bytea@1.0.0
128 silly idealTree:prePrune +-- postgres-date@1.0.3
128 silly idealTree:prePrune +-- postgres-interval@1.0.2
128 silly idealTree:prePrune +-- private@0.1.6
128 silly idealTree:prePrune +-- promise@6.1.0
128 silly idealTree:prePrune +-- pseudomap@1.0.2
128 silly idealTree:prePrune +-- qs@4.0.0
128 silly idealTree:prePrune +-- random-bytes@1.0.0
128 silly idealTree:prePrune +-- randomstring@1.1.5
128 silly idealTree:prePrune +-- raw-body@2.1.7
128 silly idealTree:prePrune +-- readable-stream@1.1.14
128 silly idealTree:prePrune +-- referrer-policy@1.0.0
128 silly idealTree:prePrune +-- regenerate@1.3.1
128 silly idealTree:prePrune +-- regenerator-runtime@0.9.5
128 silly idealTree:prePrune +-- regexpu-core@2.0.0
128 silly idealTree:prePrune +-- regjsgen@0.2.0
128 silly idealTree:prePrune +-- regjsparser@0.1.5
128 silly idealTree:prePrune | `-- jsesc@0.5.0
128 silly idealTree:prePrune +-- repeat-string@1.5.4
128 silly idealTree:prePrune +-- repeating@1.1.3
128 silly idealTree:prePrune +-- resolve-path@1.3.2
128 silly idealTree:prePrune | `-- path-is-absolute@1.0.0
128 silly idealTree:prePrune +-- retry-as-promised@2.1.0
128 silly idealTree:prePrune +-- right-align@0.1.3
128 silly idealTree:prePrune +-- semver@5.3.0
128 silly idealTree:prePrune +-- sequelize@3.24.3
128 silly idealTree:prePrune +-- setprototypeof@1.0.1
128 silly idealTree:prePrune +-- shebang-regex@1.0.0
128 silly idealTree:prePrune +-- shimmer@1.1.0
128 silly idealTree:prePrune +-- slash@1.0.0
128 silly idealTree:prePrune +-- source-map-support@0.4.4
128 silly idealTree:prePrune +-- source-map@0.5.6
128 silly idealTree:prePrune +-- split@1.0.0
128 silly idealTree:prePrune +-- sqlstring@2.0.1
128 silly idealTree:prePrune +-- statuses@1.3.0
128 silly idealTree:prePrune +-- string_decoder@0.10.31
128 silly idealTree:prePrune +-- strip-ansi@3.0.1
128 silly idealTree:prePrune +-- supports-color@2.0.0
128 silly idealTree:prePrune +-- terraformer-wkt-parser@1.1.2
128 silly idealTree:prePrune +-- terraformer@1.0.6
128 silly idealTree:prePrune +-- thenify-all@1.6.0
128 silly idealTree:prePrune +-- thenify@3.2.1
128 silly idealTree:prePrune +-- through@2.3.8
128 silly idealTree:prePrune +-- to-fast-properties@1.0.2
128 silly idealTree:prePrune +-- toposort-class@1.0.1
128 silly idealTree:prePrune +-- transformers@2.1.0
128 silly idealTree:prePrune | +-- is-promise@1.0.1
128 silly idealTree:prePrune | +-- promise@2.0.0
128 silly idealTree:prePrune | +-- source-map@0.1.43
128 silly idealTree:prePrune | `-- uglify-js@2.2.5
128 silly idealTree:prePrune +-- type-is@1.6.13
128 silly idealTree:prePrune +-- uglify-js@2.7.3
128 silly idealTree:prePrune +-- uglify-to-browserify@1.0.2
128 silly idealTree:prePrune +-- uid-safe@2.1.2
128 silly idealTree:prePrune +-- underscore@1.8.3
128 silly idealTree:prePrune +-- unpipe@1.0.0
128 silly idealTree:prePrune +-- user-home@1.1.1
128 silly idealTree:prePrune +-- utils-merge@1.0.0
128 silly idealTree:prePrune +-- validator@5.7.0
128 silly idealTree:prePrune +-- vary@1.1.0
128 silly idealTree:prePrune +-- void-elements@2.0.1
128 silly idealTree:prePrune +-- which@1.2.11
128 silly idealTree:prePrune +-- window-size@0.1.0
128 silly idealTree:prePrune +-- with@4.0.3
128 silly idealTree:prePrune | `-- acorn@1.2.2
128 silly idealTree:prePrune +-- wkx@0.2.0
128 silly idealTree:prePrune +-- wordwrap@0.0.3
128 silly idealTree:prePrune +-- x-xss-protection@1.0.0
128 silly idealTree:prePrune +-- xtend@4.0.1
128 silly idealTree:prePrune +-- yallist@2.0.0
128 silly idealTree:prePrune `-- yargs@3.10.0
129 silly loadIdealTree Finishing
130 silly currentTree crystal@1.0.0
130 silly currentTree +-- @f/defaults@1.0.1
130 silly currentTree +-- @f/foreach-array@1.0.0
130 silly currentTree +-- @f/foreach-obj@1.1.1
130 silly currentTree +-- @f/foreach@1.2.2
130 silly currentTree +-- @f/is-array@1.1.1
130 silly currentTree +-- @f/is-function@1.1.1
130 silly currentTree +-- @f/is-object@1.1.4
130 silly currentTree +-- accepts@1.3.3
130 silly currentTree +-- acorn-globals@1.0.9
130 silly currentTree +-- acorn@2.7.0
130 silly currentTree +-- align-text@0.1.4
130 silly currentTree +-- amdefine@1.0.0
130 silly currentTree +-- ansi-regex@2.0.0
130 silly currentTree +-- ansi-styles@2.2.1
130 silly currentTree +-- any-promise@1.3.0
130 silly currentTree +-- ap@0.2.0
130 silly currentTree +-- array-uniq@1.0.2
130 silly currentTree +-- asap@1.0.0
130 silly currentTree +-- async@0.2.10
130 silly currentTree +-- babel-code-frame@6.16.0
130 silly currentTree +-- babel-core@6.17.0
130 silly currentTree +-- babel-generator@6.17.0
130 silly currentTree +-- babel-helper-bindify-decorators@6.8.0
130 silly currentTree +-- babel-helper-builder-binary-assignment-operator-visitor@6.15.0
130 silly currentTree +-- babel-helper-call-delegate@6.8.0
130 silly currentTree +-- babel-helper-define-map@6.9.0
130 silly currentTree +-- babel-helper-explode-assignable-expression@6.8.0
130 silly currentTree +-- babel-helper-explode-class@6.8.0
130 silly currentTree +-- babel-helper-function-name@6.8.0
130 silly currentTree +-- babel-helper-get-function-arity@6.8.0
130 silly currentTree +-- babel-helper-hoist-variables@6.8.0
130 silly currentTree +-- babel-helper-optimise-call-expression@6.8.0
130 silly currentTree +-- babel-helper-regex@6.9.0
130 silly currentTree +-- babel-helper-remap-async-to-generator@6.16.2
130 silly currentTree +-- babel-helper-replace-supers@6.16.0
130 silly currentTree +-- babel-helpers@6.16.0
130 silly currentTree +-- babel-messages@6.8.0
130 silly currentTree +-- babel-plugin-check-es2015-constants@6.8.0
130 silly currentTree +-- babel-plugin-syntax-async-functions@6.13.0
130 silly currentTree +-- babel-plugin-syntax-async-generators@6.13.0
130 silly currentTree +-- babel-plugin-syntax-class-constructor-call@6.13.0
130 silly currentTree +-- babel-plugin-syntax-class-properties@6.13.0
130 silly currentTree +-- babel-plugin-syntax-decorators@6.13.0
130 silly currentTree +-- babel-plugin-syntax-do-expressions@6.13.0
130 silly currentTree +-- babel-plugin-syntax-exponentiation-operator@6.13.0
130 silly currentTree +-- babel-plugin-syntax-export-extensions@6.13.0
130 silly currentTree +-- babel-plugin-syntax-function-bind@6.13.0
130 silly currentTree +-- babel-plugin-syntax-object-rest-spread@6.13.0
130 silly currentTree +-- babel-plugin-syntax-trailing-function-commas@6.13.0
130 silly currentTree +-- babel-plugin-transform-async-generator-functions@6.17.0
130 silly currentTree +-- babel-plugin-transform-async-to-generator@6.16.0
130 silly currentTree +-- babel-plugin-transform-class-constructor-call@6.8.0
130 silly currentTree +-- babel-plugin-transform-class-properties@6.16.0
130 silly currentTree +-- babel-plugin-transform-decorators@6.13.0
130 silly currentTree +-- babel-plugin-transform-do-expressions@6.8.0
130 silly currentTree +-- babel-plugin-transform-es2015-arrow-functions@6.8.0
130 silly currentTree +-- babel-plugin-transform-es2015-block-scoped-functions@6.8.0
130 silly currentTree +-- babel-plugin-transform-es2015-block-scoping@6.15.0
130 silly currentTree +-- babel-plugin-transform-es2015-classes@6.14.0
130 silly currentTree +-- babel-plugin-transform-es2015-computed-properties@6.8.0
130 silly currentTree +-- babel-plugin-transform-es2015-destructuring@6.16.0
130 silly currentTree +-- babel-plugin-transform-es2015-duplicate-keys@6.8.0
130 silly currentTree +-- babel-plugin-transform-es2015-for-of@6.8.0
130 silly currentTree +-- babel-plugin-transform-es2015-function-name@6.9.0
130 silly currentTree +-- babel-plugin-transform-es2015-literals@6.8.0
130 silly currentTree +-- babel-plugin-transform-es2015-modules-amd@6.8.0
130 silly currentTree +-- babel-plugin-transform-es2015-modules-commonjs@6.16.0
130 silly currentTree +-- babel-plugin-transform-es2015-modules-systemjs@6.14.0
130 silly currentTree +-- babel-plugin-transform-es2015-modules-umd@6.12.0
130 silly currentTree +-- babel-plugin-transform-es2015-object-super@6.8.0
130 silly currentTree +-- babel-plugin-transform-es2015-parameters@6.17.0
130 silly currentTree +-- babel-plugin-transform-es2015-shorthand-properties@6.8.0
130 silly currentTree +-- babel-plugin-transform-es2015-spread@6.8.0
130 silly currentTree +-- babel-plugin-transform-es2015-sticky-regex@6.8.0
130 silly currentTree +-- babel-plugin-transform-es2015-template-literals@6.8.0
130 silly currentTree +-- babel-plugin-transform-es2015-typeof-symbol@6.8.0
130 silly currentTree +-- babel-plugin-transform-es2015-unicode-regex@6.11.0
130 silly currentTree +-- babel-plugin-transform-exponentiation-operator@6.8.0
130 silly currentTree +-- babel-plugin-transform-export-extensions@6.8.0
130 silly currentTree +-- babel-plugin-transform-function-bind@6.8.0
130 silly currentTree +-- babel-plugin-transform-object-rest-spread@6.16.0
130 silly currentTree +-- babel-plugin-transform-regenerator@6.16.1
130 silly currentTree +-- babel-plugin-transform-strict-mode@6.11.3
130 silly currentTree +-- babel-polyfill@6.16.0
130 silly currentTree +-- babel-preset-es2015@6.16.0
130 silly currentTree +-- babel-preset-stage-0@6.16.0
130 silly currentTree +-- babel-preset-stage-1@6.16.0
130 silly currentTree +-- babel-preset-stage-2@6.17.0
130 silly currentTree +-- babel-preset-stage-3@6.17.0
130 silly currentTree +-- babel-register@6.16.3
130 silly currentTree +-- babel-runtime@6.11.6
130 silly currentTree +-- babel-template@6.16.0
130 silly currentTree +-- babel-traverse@6.16.0
130 silly currentTree +-- babel-types@6.16.0
130 silly currentTree +-- babylon@6.12.0
130 silly currentTree +-- balanced-match@0.4.2
130 silly currentTree +-- base64-url@1.3.2
130 silly currentTree +-- bignumber.js@2.3.0
130 silly currentTree +-- bluebird@3.4.6
130 silly currentTree +-- brace-expansion@1.1.6
130 silly currentTree +-- buffer-writer@1.0.1
130 silly currentTree +-- bytes@2.4.0
130 silly currentTree +-- camelcase@1.2.1
130 silly currentTree +-- camelize@1.0.0
130 silly currentTree +-- center-align@0.1.3
130 silly currentTree +-- chalk@1.1.3
130 silly currentTree +-- character-parser@1.2.1
130 silly currentTree +-- clean-css@3.4.20
130 silly currentTree | +-- commander@2.8.1
130 silly currentTree | `-- source-map@0.4.4
130 silly currentTree +-- cliui@2.1.0
130 silly currentTree | `-- wordwrap@0.0.2
130 silly currentTree +-- co-body@4.2.0
130 silly currentTree +-- co@4.6.0
130 silly currentTree +-- commander@2.6.0
130 silly currentTree +-- concat-map@0.0.1
130 silly currentTree +-- connect@3.4.1
130 silly currentTree +-- consolidate@0.14.1
130 silly currentTree +-- constantinople@3.0.2
130 silly currentTree +-- content-disposition@0.5.1
130 silly currentTree +-- content-security-policy-builder@1.0.0
130 silly currentTree +-- content-type@1.0.2
130 silly currentTree +-- convert-source-map@1.3.0
130 silly currentTree +-- cookies@0.6.1
130 silly currentTree +-- copy-to@2.0.1
130 silly currentTree +-- core-js@2.4.1
130 silly currentTree +-- core-util-is@1.0.2
130 silly currentTree +-- crc@3.4.0
130 silly currentTree +-- cross-env@3.1.3
130 silly currentTree +-- cross-spawn@3.0.1
130 silly currentTree +-- css-parse@1.0.4
130 silly currentTree +-- css-stringify@1.0.5
130 silly currentTree +-- css@1.0.8
130 silly currentTree +-- dashify@0.2.2
130 silly currentTree +-- debug@2.2.0
130 silly currentTree +-- decamelize@1.2.0
130 silly currentTree +-- deep-equal@1.0.1
130 silly currentTree +-- delegates@1.0.0
130 silly currentTree +-- depd@1.1.0
130 silly currentTree +-- destroy@1.0.4
130 silly currentTree +-- detect-indent@3.0.1
130 silly currentTree +-- dns-prefetch-control@0.1.0
130 silly currentTree +-- dont-sniff-mimetype@1.0.0
130 silly currentTree +-- dottie@1.1.1
130 silly currentTree +-- ee-first@1.1.1
130 silly currentTree +-- error-inject@1.0.0
130 silly currentTree +-- escape-html@1.0.3
130 silly currentTree +-- escape-string-regexp@1.0.5
130 silly currentTree +-- esutils@2.0.2
130 silly currentTree +-- finalhandler@0.4.1
130 silly currentTree +-- frameguard@2.0.0
130 silly currentTree +-- fresh@0.3.0
130 silly currentTree +-- generic-pool@2.4.2
130 silly currentTree +-- get-stdin@4.0.1
130 silly currentTree +-- globals@8.18.0
130 silly currentTree +-- graceful-readlink@1.0.1
130 silly currentTree +-- has-ansi@2.0.0
130 silly currentTree +-- helmet-csp@1.2.2
130 silly currentTree +-- helmet@2.3.0
130 silly currentTree +-- hide-powered-by@1.0.0
130 silly currentTree +-- home-or-tmp@1.0.0
130 silly currentTree +-- hpkp@1.2.0
130 silly currentTree +-- hsts@1.0.0
130 silly currentTree +-- http-assert@1.2.0
130 silly currentTree | `-- http-errors@1.4.0
130 silly currentTree +-- http-errors@1.5.0
130 silly currentTree +-- iconv-lite@0.4.13
130 silly currentTree +-- ienoopen@1.0.0
130 silly currentTree +-- inflation@2.0.0
130 silly currentTree +-- inflection@1.10.0
130 silly currentTree +-- inherits@2.0.1
130 silly currentTree +-- invariant@2.2.1
130 silly currentTree +-- is-buffer@1.1.4
130 silly currentTree +-- is-finite@1.0.2
130 silly currentTree +-- is-generator-function@1.0.3
130 silly currentTree +-- is-promise@2.1.0
130 silly currentTree +-- isarray@0.0.1
130 silly currentTree +-- isexe@1.1.2
130 silly currentTree +-- jade@1.11.0
130 silly currentTree +-- js-tokens@2.0.0
130 silly currentTree +-- jsesc@1.3.0
130 silly currentTree +-- json5@0.4.0
130 silly currentTree +-- jstransformer@0.0.2
130 silly currentTree +-- keygrip@1.0.1
130 silly currentTree +-- kind-of@3.0.4
130 silly currentTree +-- koa-bodyparser@3.2.0
130 silly currentTree +-- koa-compose@3.1.0
130 silly currentTree +-- koa-convert@1.2.0
130 silly currentTree +-- koa-generic-session@1.11.3
130 silly currentTree +-- koa-helmet@2.0.0
130 silly currentTree +-- koa-is-json@1.0.0
130 silly currentTree +-- koa-passport@3.0.0-rc.1
130 silly currentTree +-- koa-route@3.2.0
130 silly currentTree +-- koa-router@7.0.1
130 silly currentTree +-- koa-send@3.1.1
130 silly currentTree +-- koa-session@3.4.0
130 silly currentTree +-- koa-static@2.0.0
130 silly currentTree +-- koa-views@5.0.2
130 silly currentTree +-- koa@2.0.0
130 silly currentTree +-- lazy-cache@1.0.4
130 silly currentTree +-- lodash.reduce@4.5.0
130 silly currentTree +-- lodash@4.12.0
130 silly currentTree +-- longest@1.0.1
130 silly currentTree +-- loose-envify@1.2.0
130 silly currentTree | `-- js-tokens@1.0.3
130 silly currentTree +-- lru-cache@4.0.1
130 silly currentTree +-- media-typer@0.3.0
130 silly currentTree +-- methods@1.1.2
130 silly currentTree +-- mime-db@1.24.0
130 silly currentTree +-- mime-types@2.1.12
130 silly currentTree +-- minimatch@3.0.3
130 silly currentTree +-- minimist@1.2.0
130 silly currentTree +-- mkdirp@0.5.1
130 silly currentTree | `-- minimist@0.0.8
130 silly currentTree +-- moment-timezone@0.5.6
130 silly currentTree +-- moment@2.15.1
130 silly currentTree +-- ms@0.7.1
130 silly currentTree +-- mysql@2.11.1
130 silly currentTree +-- mz@2.4.0
130 silly currentTree +-- negotiator@0.6.1
130 silly currentTree +-- nocache@1.0.1
130 silly currentTree +-- node-uuid@1.4.7
130 silly currentTree +-- number-is-nan@1.0.1
130 silly currentTree +-- object-assign@4.1.0
130 silly currentTree +-- on-finished@2.3.0
130 silly currentTree +-- only@0.0.2
130 silly currentTree +-- optimist@0.3.7
130 silly currentTree +-- os-tmpdir@1.0.2
130 silly currentTree +-- packet-reader@0.2.0
130 silly currentTree +-- parseurl@1.3.1
130 silly currentTree +-- passport-local@1.0.0
130 silly currentTree +-- passport-strategy@1.0.0
130 silly currentTree +-- passport@0.3.2
130 silly currentTree +-- path-exists@1.0.0
130 silly currentTree +-- path-is-absolute@1.0.1
130 silly currentTree +-- path-to-regexp@1.6.0
130 silly currentTree +-- pause@0.0.1
130 silly currentTree +-- pg-connection-string@0.1.3
130 silly currentTree +-- pg-hstore@2.3.2
130 silly currentTree +-- pg-pool@1.5.0
130 silly currentTree +-- pg-types@1.11.0
130 silly currentTree +-- pg@6.1.0
130 silly currentTree | `-- semver@4.3.2
130 silly currentTree +-- pgpass@1.0.1
130 silly currentTree +-- platform@1.3.1
130 silly currentTree +-- postgres-array@1.0.0
130 silly currentTree +-- postgres-bytea@1.0.0
130 silly currentTree +-- postgres-date@1.0.3
130 silly currentTree +-- postgres-interval@1.0.2
130 silly currentTree +-- private@0.1.6
130 silly currentTree +-- promise@6.1.0
130 silly currentTree +-- pseudomap@1.0.2
130 silly currentTree +-- qs@4.0.0
130 silly currentTree +-- random-bytes@1.0.0
130 silly currentTree +-- randomstring@1.1.5
130 silly currentTree +-- raw-body@2.1.7
130 silly currentTree +-- readable-stream@1.1.14
130 silly currentTree +-- referrer-policy@1.0.0
130 silly currentTree +-- regenerate@1.3.1
130 silly currentTree +-- regenerator-runtime@0.9.5
130 silly currentTree +-- regexpu-core@2.0.0
130 silly currentTree +-- regjsgen@0.2.0
130 silly currentTree +-- regjsparser@0.1.5
130 silly currentTree | `-- jsesc@0.5.0
130 silly currentTree +-- repeat-string@1.5.4
130 silly currentTree +-- repeating@1.1.3
130 silly currentTree +-- resolve-path@1.3.2
130 silly currentTree | `-- path-is-absolute@1.0.0
130 silly currentTree +-- retry-as-promised@2.1.0
130 silly currentTree +-- right-align@0.1.3
130 silly currentTree +-- semver@5.3.0
130 silly currentTree +-- sequelize@3.24.3
130 silly currentTree +-- setprototypeof@1.0.1
130 silly currentTree +-- shebang-regex@1.0.0
130 silly currentTree +-- shimmer@1.1.0
130 silly currentTree +-- slash@1.0.0
130 silly currentTree +-- source-map-support@0.4.4
130 silly currentTree +-- source-map@0.5.6
130 silly currentTree +-- split@1.0.0
130 silly currentTree +-- sqlstring@2.0.1
130 silly currentTree +-- statuses@1.3.0
130 silly currentTree +-- string_decoder@0.10.31
130 silly currentTree +-- strip-ansi@3.0.1
130 silly currentTree +-- supports-color@2.0.0
130 silly currentTree +-- terraformer-wkt-parser@1.1.2
130 silly currentTree +-- terraformer@1.0.6
130 silly currentTree +-- thenify-all@1.6.0
130 silly currentTree +-- thenify@3.2.1
130 silly currentTree +-- through@2.3.8
130 silly currentTree +-- to-fast-properties@1.0.2
130 silly currentTree +-- toposort-class@1.0.1
130 silly currentTree +-- transformers@2.1.0
130 silly currentTree | +-- is-promise@1.0.1
130 silly currentTree | +-- promise@2.0.0
130 silly currentTree | +-- source-map@0.1.43
130 silly currentTree | `-- uglify-js@2.2.5
130 silly currentTree +-- type-is@1.6.13
130 silly currentTree +-- uglify-js@2.7.3
130 silly currentTree +-- uglify-to-browserify@1.0.2
130 silly currentTree +-- uid-safe@2.1.2
130 silly currentTree +-- underscore@1.8.3
130 silly currentTree +-- unpipe@1.0.0
130 silly currentTree +-- user-home@1.1.1
130 silly currentTree +-- utils-merge@1.0.0
130 silly currentTree +-- validator@5.7.0
130 silly currentTree +-- vary@1.1.0
130 silly currentTree +-- void-elements@2.0.1
130 silly currentTree +-- which@1.2.11
130 silly currentTree +-- window-size@0.1.0
130 silly currentTree +-- with@4.0.3
130 silly currentTree | `-- acorn@1.2.2
130 silly currentTree +-- wkx@0.2.0
130 silly currentTree +-- wordwrap@0.0.3
130 silly currentTree +-- x-xss-protection@1.0.0
130 silly currentTree +-- xtend@4.0.1
130 silly currentTree +-- yallist@2.0.0
130 silly currentTree `-- yargs@3.10.0
131 silly idealTree crystal@1.0.0
131 silly idealTree +-- @f/defaults@1.0.1
131 silly idealTree +-- @f/foreach-array@1.0.0
131 silly idealTree +-- @f/foreach-obj@1.1.1
131 silly idealTree +-- @f/foreach@1.2.2
131 silly idealTree +-- @f/is-array@1.1.1
131 silly idealTree +-- @f/is-function@1.1.1
131 silly idealTree +-- @f/is-object@1.1.4
131 silly idealTree +-- accepts@1.3.3
131 silly idealTree +-- acorn-globals@1.0.9
131 silly idealTree +-- acorn@2.7.0
131 silly idealTree +-- align-text@0.1.4
131 silly idealTree +-- amdefine@1.0.0
131 silly idealTree +-- ansi-regex@2.0.0
131 silly idealTree +-- ansi-styles@2.2.1
131 silly idealTree +-- any-promise@1.3.0
131 silly idealTree +-- ap@0.2.0
131 silly idealTree +-- array-uniq@1.0.2
131 silly idealTree +-- asap@1.0.0
131 silly idealTree +-- async@0.2.10
131 silly idealTree +-- babel-code-frame@6.16.0
131 silly idealTree +-- babel-core@6.17.0
131 silly idealTree +-- babel-generator@6.17.0
131 silly idealTree +-- babel-helper-bindify-decorators@6.8.0
131 silly idealTree +-- babel-helper-builder-binary-assignment-operator-visitor@6.15.0
131 silly idealTree +-- babel-helper-call-delegate@6.8.0
131 silly idealTree +-- babel-helper-define-map@6.9.0
131 silly idealTree +-- babel-helper-explode-assignable-expression@6.8.0
131 silly idealTree +-- babel-helper-explode-class@6.8.0
131 silly idealTree +-- babel-helper-function-name@6.8.0
131 silly idealTree +-- babel-helper-get-function-arity@6.8.0
131 silly idealTree +-- babel-helper-hoist-variables@6.8.0
131 silly idealTree +-- babel-helper-optimise-call-expression@6.8.0
131 silly idealTree +-- babel-helper-regex@6.9.0
131 silly idealTree +-- babel-helper-remap-async-to-generator@6.16.2
131 silly idealTree +-- babel-helper-replace-supers@6.16.0
131 silly idealTree +-- babel-helpers@6.16.0
131 silly idealTree +-- babel-messages@6.8.0
131 silly idealTree +-- babel-plugin-check-es2015-constants@6.8.0
131 silly idealTree +-- babel-plugin-syntax-async-functions@6.13.0
131 silly idealTree +-- babel-plugin-syntax-async-generators@6.13.0
131 silly idealTree +-- babel-plugin-syntax-class-constructor-call@6.13.0
131 silly idealTree +-- babel-plugin-syntax-class-properties@6.13.0
131 silly idealTree +-- babel-plugin-syntax-decorators@6.13.0
131 silly idealTree +-- babel-plugin-syntax-do-expressions@6.13.0
131 silly idealTree +-- babel-plugin-syntax-exponentiation-operator@6.13.0
131 silly idealTree +-- babel-plugin-syntax-export-extensions@6.13.0
131 silly idealTree +-- babel-plugin-syntax-function-bind@6.13.0
131 silly idealTree +-- babel-plugin-syntax-object-rest-spread@6.13.0
131 silly idealTree +-- babel-plugin-syntax-trailing-function-commas@6.13.0
131 silly idealTree +-- babel-plugin-transform-async-generator-functions@6.17.0
131 silly idealTree +-- babel-plugin-transform-async-to-generator@6.16.0
131 silly idealTree +-- babel-plugin-transform-class-constructor-call@6.8.0
131 silly idealTree +-- babel-plugin-transform-class-properties@6.16.0
131 silly idealTree +-- babel-plugin-transform-decorators@6.13.0
131 silly idealTree +-- babel-plugin-transform-do-expressions@6.8.0
131 silly idealTree +-- babel-plugin-transform-es2015-arrow-functions@6.8.0
131 silly idealTree +-- babel-plugin-transform-es2015-block-scoped-functions@6.8.0
131 silly idealTree +-- babel-plugin-transform-es2015-block-scoping@6.15.0
131 silly idealTree +-- babel-plugin-transform-es2015-classes@6.14.0
131 silly idealTree +-- babel-plugin-transform-es2015-computed-properties@6.8.0
131 silly idealTree +-- babel-plugin-transform-es2015-destructuring@6.16.0
131 silly idealTree +-- babel-plugin-transform-es2015-duplicate-keys@6.8.0
131 silly idealTree +-- babel-plugin-transform-es2015-for-of@6.8.0
131 silly idealTree +-- babel-plugin-transform-es2015-function-name@6.9.0
131 silly idealTree +-- babel-plugin-transform-es2015-literals@6.8.0
131 silly idealTree +-- babel-plugin-transform-es2015-modules-amd@6.8.0
131 silly idealTree +-- babel-plugin-transform-es2015-modules-commonjs@6.16.0
131 silly idealTree +-- babel-plugin-transform-es2015-modules-systemjs@6.14.0
131 silly idealTree +-- babel-plugin-transform-es2015-modules-umd@6.12.0
131 silly idealTree +-- babel-plugin-transform-es2015-object-super@6.8.0
131 silly idealTree +-- babel-plugin-transform-es2015-parameters@6.17.0
131 silly idealTree +-- babel-plugin-transform-es2015-shorthand-properties@6.8.0
131 silly idealTree +-- babel-plugin-transform-es2015-spread@6.8.0
131 silly idealTree +-- babel-plugin-transform-es2015-sticky-regex@6.8.0
131 silly idealTree +-- babel-plugin-transform-es2015-template-literals@6.8.0
131 silly idealTree +-- babel-plugin-transform-es2015-typeof-symbol@6.8.0
131 silly idealTree +-- babel-plugin-transform-es2015-unicode-regex@6.11.0
131 silly idealTree +-- babel-plugin-transform-exponentiation-operator@6.8.0
131 silly idealTree +-- babel-plugin-transform-export-extensions@6.8.0
131 silly idealTree +-- babel-plugin-transform-function-bind@6.8.0
131 silly idealTree +-- babel-plugin-transform-object-rest-spread@6.16.0
131 silly idealTree +-- babel-plugin-transform-regenerator@6.16.1
131 silly idealTree +-- babel-plugin-transform-strict-mode@6.11.3
131 silly idealTree +-- babel-polyfill@6.16.0
131 silly idealTree +-- babel-preset-es2015@6.16.0
131 silly idealTree +-- babel-preset-stage-0@6.16.0
131 silly idealTree +-- babel-preset-stage-1@6.16.0
131 silly idealTree +-- babel-preset-stage-2@6.17.0
131 silly idealTree +-- babel-preset-stage-3@6.17.0
131 silly idealTree +-- babel-register@6.16.3
131 silly idealTree +-- babel-runtime@6.11.6
131 silly idealTree +-- babel-template@6.16.0
131 silly idealTree +-- babel-traverse@6.16.0
131 silly idealTree +-- babel-types@6.16.0
131 silly idealTree +-- babylon@6.12.0
131 silly idealTree +-- balanced-match@0.4.2
131 silly idealTree +-- base64-url@1.3.2
131 silly idealTree +-- bcrypt@0.8.7
131 silly idealTree +-- bignumber.js@2.3.0
131 silly idealTree +-- bindings@1.2.1
131 silly idealTree +-- bluebird@3.4.6
131 silly idealTree +-- brace-expansion@1.1.6
131 silly idealTree +-- buffer-writer@1.0.1
131 silly idealTree +-- bytes@2.4.0
131 silly idealTree +-- camelcase@1.2.1
131 silly idealTree +-- camelize@1.0.0
131 silly idealTree +-- center-align@0.1.3
131 silly idealTree +-- chalk@1.1.3
131 silly idealTree +-- character-parser@1.2.1
131 silly idealTree +-- clean-css@3.4.20
131 silly idealTree | +-- commander@2.8.1
131 silly idealTree | `-- source-map@0.4.4
131 silly idealTree +-- cliui@2.1.0
131 silly idealTree | `-- wordwrap@0.0.2
131 silly idealTree +-- co-body@4.2.0
131 silly idealTree +-- co@4.6.0
131 silly idealTree +-- commander@2.6.0
131 silly idealTree +-- concat-map@0.0.1
131 silly idealTree +-- connect@3.4.1
131 silly idealTree +-- consolidate@0.14.1
131 silly idealTree +-- constantinople@3.0.2
131 silly idealTree +-- content-disposition@0.5.1
131 silly idealTree +-- content-security-policy-builder@1.0.0
131 silly idealTree +-- content-type@1.0.2
131 silly idealTree +-- convert-source-map@1.3.0
131 silly idealTree +-- cookies@0.6.1
131 silly idealTree +-- copy-to@2.0.1
131 silly idealTree +-- core-js@2.4.1
131 silly idealTree +-- core-util-is@1.0.2
131 silly idealTree +-- crc@3.4.0
131 silly idealTree +-- cross-env@3.1.3
131 silly idealTree +-- cross-spawn@3.0.1
131 silly idealTree +-- css-parse@1.0.4
131 silly idealTree +-- css-stringify@1.0.5
131 silly idealTree +-- css@1.0.8
131 silly idealTree +-- dashify@0.2.2
131 silly idealTree +-- debug@2.2.0
131 silly idealTree +-- decamelize@1.2.0
131 silly idealTree +-- deep-equal@1.0.1
131 silly idealTree +-- delegates@1.0.0
131 silly idealTree +-- depd@1.1.0
131 silly idealTree +-- destroy@1.0.4
131 silly idealTree +-- detect-indent@3.0.1
131 silly idealTree +-- dns-prefetch-control@0.1.0
131 silly idealTree +-- dont-sniff-mimetype@1.0.0
131 silly idealTree +-- dottie@1.1.1
131 silly idealTree +-- ee-first@1.1.1
131 silly idealTree +-- error-inject@1.0.0
131 silly idealTree +-- escape-html@1.0.3
131 silly idealTree +-- escape-string-regexp@1.0.5
131 silly idealTree +-- esutils@2.0.2
131 silly idealTree +-- finalhandler@0.4.1
131 silly idealTree +-- frameguard@2.0.0
131 silly idealTree +-- fresh@0.3.0
131 silly idealTree +-- generic-pool@2.4.2
131 silly idealTree +-- get-stdin@4.0.1
131 silly idealTree +-- globals@8.18.0
131 silly idealTree +-- graceful-readlink@1.0.1
131 silly idealTree +-- has-ansi@2.0.0
131 silly idealTree +-- helmet-csp@1.2.2
131 silly idealTree +-- helmet@2.3.0
131 silly idealTree +-- hide-powered-by@1.0.0
131 silly idealTree +-- home-or-tmp@1.0.0
131 silly idealTree +-- hpkp@1.2.0
131 silly idealTree +-- hsts@1.0.0
131 silly idealTree +-- http-assert@1.2.0
131 silly idealTree | `-- http-errors@1.4.0
131 silly idealTree +-- http-errors@1.5.0
131 silly idealTree +-- iconv-lite@0.4.13
131 silly idealTree +-- ienoopen@1.0.0
131 silly idealTree +-- inflation@2.0.0
131 silly idealTree +-- inflection@1.10.0
131 silly idealTree +-- inherits@2.0.1
131 silly idealTree +-- invariant@2.2.1
131 silly idealTree +-- is-buffer@1.1.4
131 silly idealTree +-- is-finite@1.0.2
131 silly idealTree +-- is-generator-function@1.0.3
131 silly idealTree +-- is-promise@2.1.0
131 silly idealTree +-- isarray@0.0.1
131 silly idealTree +-- isexe@1.1.2
131 silly idealTree +-- jade@1.11.0
131 silly idealTree +-- js-tokens@2.0.0
131 silly idealTree +-- jsesc@1.3.0
131 silly idealTree +-- json5@0.4.0
131 silly idealTree +-- jstransformer@0.0.2
131 silly idealTree +-- keygrip@1.0.1
131 silly idealTree +-- kind-of@3.0.4
131 silly idealTree +-- koa-bodyparser@3.2.0
131 silly idealTree +-- koa-compose@3.1.0
131 silly idealTree +-- koa-convert@1.2.0
131 silly idealTree +-- koa-generic-session@1.11.3
131 silly idealTree +-- koa-helmet@2.0.0
131 silly idealTree +-- koa-is-json@1.0.0
131 silly idealTree +-- koa-passport@3.0.0-rc.1
131 silly idealTree +-- koa-route@3.2.0
131 silly idealTree +-- koa-router@7.0.1
131 silly idealTree +-- koa-send@3.1.1
131 silly idealTree +-- koa-session@3.4.0
131 silly idealTree +-- koa-static@2.0.0
131 silly idealTree +-- koa-views@5.0.2
131 silly idealTree +-- koa@2.0.0
131 silly idealTree +-- lazy-cache@1.0.4
131 silly idealTree +-- lodash.reduce@4.5.0
131 silly idealTree +-- lodash@4.12.0
131 silly idealTree +-- longest@1.0.1
131 silly idealTree +-- loose-envify@1.2.0
131 silly idealTree | `-- js-tokens@1.0.3
131 silly idealTree +-- lru-cache@4.0.1
131 silly idealTree +-- media-typer@0.3.0
131 silly idealTree +-- methods@1.1.2
131 silly idealTree +-- mime-db@1.24.0
131 silly idealTree +-- mime-types@2.1.12
131 silly idealTree +-- minimatch@3.0.3
131 silly idealTree +-- minimist@1.2.0
131 silly idealTree +-- mkdirp@0.5.1
131 silly idealTree | `-- minimist@0.0.8
131 silly idealTree +-- moment-timezone@0.5.6
131 silly idealTree +-- moment@2.15.1
131 silly idealTree +-- ms@0.7.1
131 silly idealTree +-- mysql@2.11.1
131 silly idealTree +-- mz@2.4.0
131 silly idealTree +-- nan@2.3.5
131 silly idealTree +-- negotiator@0.6.1
131 silly idealTree +-- nocache@1.0.1
131 silly idealTree +-- node-uuid@1.4.7
131 silly idealTree +-- number-is-nan@1.0.1
131 silly idealTree +-- object-assign@4.1.0
131 silly idealTree +-- on-finished@2.3.0
131 silly idealTree +-- only@0.0.2
131 silly idealTree +-- optimist@0.3.7
131 silly idealTree +-- os-tmpdir@1.0.2
131 silly idealTree +-- packet-reader@0.2.0
131 silly idealTree +-- parseurl@1.3.1
131 silly idealTree +-- passport-local@1.0.0
131 silly idealTree +-- passport-strategy@1.0.0
131 silly idealTree +-- passport@0.3.2
131 silly idealTree +-- path-exists@1.0.0
131 silly idealTree +-- path-is-absolute@1.0.1
131 silly idealTree +-- path-to-regexp@1.6.0
131 silly idealTree +-- pause@0.0.1
131 silly idealTree +-- pg-connection-string@0.1.3
131 silly idealTree +-- pg-hstore@2.3.2
131 silly idealTree +-- pg-pool@1.5.0
131 silly idealTree +-- pg-types@1.11.0
131 silly idealTree +-- pg@6.1.0
131 silly idealTree | `-- semver@4.3.2
131 silly idealTree +-- pgpass@1.0.1
131 silly idealTree +-- platform@1.3.1
131 silly idealTree +-- postgres-array@1.0.0
131 silly idealTree +-- postgres-bytea@1.0.0
131 silly idealTree +-- postgres-date@1.0.3
131 silly idealTree +-- postgres-interval@1.0.2
131 silly idealTree +-- private@0.1.6
131 silly idealTree +-- promise@6.1.0
131 silly idealTree +-- pseudomap@1.0.2
131 silly idealTree +-- qs@4.0.0
131 silly idealTree +-- random-bytes@1.0.0
131 silly idealTree +-- randomstring@1.1.5
131 silly idealTree +-- raw-body@2.1.7
131 silly idealTree +-- readable-stream@1.1.14
131 silly idealTree +-- referrer-policy@1.0.0
131 silly idealTree +-- regenerate@1.3.1
131 silly idealTree +-- regenerator-runtime@0.9.5
131 silly idealTree +-- regexpu-core@2.0.0
131 silly idealTree +-- regjsgen@0.2.0
131 silly idealTree +-- regjsparser@0.1.5
131 silly idealTree | `-- jsesc@0.5.0
131 silly idealTree +-- repeat-string@1.5.4
131 silly idealTree +-- repeating@1.1.3
131 silly idealTree +-- resolve-path@1.3.2
131 silly idealTree | `-- path-is-absolute@1.0.0
131 silly idealTree +-- retry-as-promised@2.1.0
131 silly idealTree +-- right-align@0.1.3
131 silly idealTree +-- semver@5.3.0
131 silly idealTree +-- sequelize@3.24.3
131 silly idealTree +-- setprototypeof@1.0.1
131 silly idealTree +-- shebang-regex@1.0.0
131 silly idealTree +-- shimmer@1.1.0
131 silly idealTree +-- slash@1.0.0
131 silly idealTree +-- source-map-support@0.4.4
131 silly idealTree +-- source-map@0.5.6
131 silly idealTree +-- split@1.0.0
131 silly idealTree +-- sqlstring@2.0.1
131 silly idealTree +-- statuses@1.3.0
131 silly idealTree +-- string_decoder@0.10.31
131 silly idealTree +-- strip-ansi@3.0.1
131 silly idealTree +-- supports-color@2.0.0
131 silly idealTree +-- terraformer-wkt-parser@1.1.2
131 silly idealTree +-- terraformer@1.0.6
131 silly idealTree +-- thenify-all@1.6.0
131 silly idealTree +-- thenify@3.2.1
131 silly idealTree +-- through@2.3.8
131 silly idealTree +-- to-fast-properties@1.0.2
131 silly idealTree +-- toposort-class@1.0.1
131 silly idealTree +-- transformers@2.1.0
131 silly idealTree | +-- is-promise@1.0.1
131 silly idealTree | +-- promise@2.0.0
131 silly idealTree | +-- source-map@0.1.43
131 silly idealTree | `-- uglify-js@2.2.5
131 silly idealTree +-- type-is@1.6.13
131 silly idealTree +-- uglify-js@2.7.3
131 silly idealTree +-- uglify-to-browserify@1.0.2
131 silly idealTree +-- uid-safe@2.1.2
131 silly idealTree +-- underscore@1.8.3
131 silly idealTree +-- unpipe@1.0.0
131 silly idealTree +-- user-home@1.1.1
131 silly idealTree +-- utils-merge@1.0.0
131 silly idealTree +-- validator@5.7.0
131 silly idealTree +-- vary@1.1.0
131 silly idealTree +-- void-elements@2.0.1
131 silly idealTree +-- which@1.2.11
131 silly idealTree +-- window-size@0.1.0
131 silly idealTree +-- with@4.0.3
131 silly idealTree | `-- acorn@1.2.2
131 silly idealTree +-- wkx@0.2.0
131 silly idealTree +-- wordwrap@0.0.3
131 silly idealTree +-- x-xss-protection@1.0.0
131 silly idealTree +-- xtend@4.0.1
131 silly idealTree +-- yallist@2.0.0
131 silly idealTree `-- yargs@3.10.0
132 silly generateActionsToTake Starting
133 silly install generateActionsToTake
134 silly generateActionsToTake Finishing
135 silly diffTrees action count 5
136 silly diffTrees add bindings@1.2.1
137 silly diffTrees add nan@2.3.5
138 silly diffTrees add bcrypt@0.8.7
139 silly diffTrees update koa-views@5.0.2
140 silly diffTrees update passport-local@1.0.0
141 silly decomposeActions action count 40
142 silly decomposeActions fetch bindings@1.2.1
143 silly decomposeActions extract bindings@1.2.1
144 silly decomposeActions test bindings@1.2.1
145 silly decomposeActions preinstall bindings@1.2.1
146 silly decomposeActions build bindings@1.2.1
147 silly decomposeActions install bindings@1.2.1
148 silly decomposeActions postinstall bindings@1.2.1
149 silly decomposeActions finalize bindings@1.2.1
150 silly decomposeActions fetch nan@2.3.5
151 silly decomposeActions extract nan@2.3.5
152 silly decomposeActions test nan@2.3.5
153 silly decomposeActions preinstall nan@2.3.5
154 silly decomposeActions build nan@2.3.5
155 silly decomposeActions install nan@2.3.5
156 silly decomposeActions postinstall nan@2.3.5
157 silly decomposeActions finalize nan@2.3.5
158 silly decomposeActions fetch bcrypt@0.8.7
159 silly decomposeActions extract bcrypt@0.8.7
160 silly decomposeActions test bcrypt@0.8.7
161 silly decomposeActions preinstall bcrypt@0.8.7
162 silly decomposeActions build bcrypt@0.8.7
163 silly decomposeActions install bcrypt@0.8.7
164 silly decomposeActions postinstall bcrypt@0.8.7
165 silly decomposeActions finalize bcrypt@0.8.7
166 silly decomposeActions fetch koa-views@5.0.2
167 silly decomposeActions extract koa-views@5.0.2
168 silly decomposeActions test koa-views@5.0.2
169 silly decomposeActions preinstall koa-views@5.0.2
170 silly decomposeActions build koa-views@5.0.2
171 silly decomposeActions install koa-views@5.0.2
172 silly decomposeActions postinstall koa-views@5.0.2
173 silly decomposeActions finalize koa-views@5.0.2
174 silly decomposeActions fetch passport-local@1.0.0
175 silly decomposeActions extract passport-local@1.0.0
176 silly decomposeActions test passport-local@1.0.0
177 silly decomposeActions preinstall passport-local@1.0.0
178 silly decomposeActions build passport-local@1.0.0
179 silly decomposeActions install passport-local@1.0.0
180 silly decomposeActions postinstall passport-local@1.0.0
181 silly decomposeActions finalize passport-local@1.0.0
182 silly executeActions Starting
183 silly install executeActions
184 silly doSerial global-install 0
185 silly doParallel fetch 5
186 verbose correctMkdir C:\Users\Ян\AppData\Roaming\npm-cache\_locks correctMkdir not in flight; initializing
187 verbose lock using C:\Users\Ян\AppData\Roaming\npm-cache\_locks\staging-534b3f3274500b95.lock for c:\Users\Ян\Desktop\Crystal\node_modules\.staging
188 silly doParallel extract 5
189 silly extract bindings@1.2.1
190 silly extract nan@2.3.5
191 silly extract bcrypt@0.8.7
192 silly extract koa-views@5.0.2
193 silly extract passport-local@1.0.0
194 verbose unbuild node_modules\.staging\passport-local-e5f678c9
195 verbose unbuild node_modules\.staging\koa-views-8a9d641f
196 verbose unbuild node_modules\.staging\bindings-2aeec94c
197 verbose unbuild node_modules\.staging\nan-5297a4e5
198 silly gentlyRm c:\Users\Ян\Desktop\Crystal\node_modules\.staging\passport-local-e5f678c9 is being purged from base c:\Users\Ян\Desktop\Crystal
199 verbose gentlyRm don't care about contents; nuking c:\Users\Ян\Desktop\Crystal\node_modules\.staging\passport-local-e5f678c9
200 silly gentlyRm c:\Users\Ян\Desktop\Crystal\node_modules\.staging\koa-views-8a9d641f is being purged from base c:\Users\Ян\Desktop\Crystal
201 verbose gentlyRm don't care about contents; nuking c:\Users\Ян\Desktop\Crystal\node_modules\.staging\koa-views-8a9d641f
202 verbose tar unpack C:\Users\Ян\AppData\Roaming\npm-cache\passport-local\1.0.0\package.tgz
203 verbose tar unpacking to c:\Users\Ян\Desktop\Crystal\node_modules\.staging\passport-local-e5f678c9
204 silly gentlyRm c:\Users\Ян\Desktop\Crystal\node_modules\.staging\passport-local-e5f678c9 is being purged
205 verbose gentlyRm don't care about contents; nuking c:\Users\Ян\Desktop\Crystal\node_modules\.staging\passport-local-e5f678c9
206 verbose tar unpack C:\Users\Ян\AppData\Roaming\npm-cache\koa-views\5.0.2\package.tgz
207 verbose tar unpacking to c:\Users\Ян\Desktop\Crystal\node_modules\.staging\koa-views-8a9d641f
208 silly gentlyRm c:\Users\Ян\Desktop\Crystal\node_modules\.staging\koa-views-8a9d641f is being purged
209 verbose gentlyRm don't care about contents; nuking c:\Users\Ян\Desktop\Crystal\node_modules\.staging\koa-views-8a9d641f
210 verbose unbuild node_modules\.staging\bcrypt-7c136aee
211 silly gentlyRm c:\Users\Ян\Desktop\Crystal\node_modules\.staging\bindings-2aeec94c is being purged from base c:\Users\Ян\Desktop\Crystal
212 verbose gentlyRm don't care about contents; nuking c:\Users\Ян\Desktop\Crystal\node_modules\.staging\bindings-2aeec94c
213 silly gentlyRm c:\Users\Ян\Desktop\Crystal\node_modules\.staging\nan-5297a4e5 is being purged from base c:\Users\Ян\Desktop\Crystal
214 verbose gentlyRm don't care about contents; nuking c:\Users\Ян\Desktop\Crystal\node_modules\.staging\nan-5297a4e5
215 silly gunzTarPerm modes [ '777', '666' ]
216 silly gunzTarPerm modes [ '777', '666' ]
217 verbose tar unpack C:\Users\Ян\AppData\Roaming\npm-cache\bindings\1.2.1\package.tgz
218 verbose tar unpacking to c:\Users\Ян\Desktop\Crystal\node_modules\.staging\bindings-2aeec94c
219 silly gentlyRm c:\Users\Ян\Desktop\Crystal\node_modules\.staging\bindings-2aeec94c is being purged
220 verbose gentlyRm don't care about contents; nuking c:\Users\Ян\Desktop\Crystal\node_modules\.staging\bindings-2aeec94c
221 verbose tar unpack C:\Users\Ян\AppData\Roaming\npm-cache\nan\2.3.5\package.tgz
222 verbose tar unpacking to c:\Users\Ян\Desktop\Crystal\node_modules\.staging\nan-5297a4e5
223 silly gentlyRm c:\Users\Ян\Desktop\Crystal\node_modules\.staging\nan-5297a4e5 is being purged
224 verbose gentlyRm don't care about contents; nuking c:\Users\Ян\Desktop\Crystal\node_modules\.staging\nan-5297a4e5
225 silly gentlyRm c:\Users\Ян\Desktop\Crystal\node_modules\.staging\bcrypt-7c136aee is being purged from base c:\Users\Ян\Desktop\Crystal
226 verbose gentlyRm don't care about contents; nuking c:\Users\Ян\Desktop\Crystal\node_modules\.staging\bcrypt-7c136aee
227 silly gunzTarPerm modes [ '777', '666' ]
228 silly gunzTarPerm modes [ '777', '666' ]
229 verbose tar unpack C:\Users\Ян\AppData\Roaming\npm-cache\bcrypt\0.8.7\package.tgz
230 verbose tar unpacking to c:\Users\Ян\Desktop\Crystal\node_modules\.staging\bcrypt-7c136aee
231 silly gentlyRm c:\Users\Ян\Desktop\Crystal\node_modules\.staging\bcrypt-7c136aee is being purged
232 verbose gentlyRm don't care about contents; nuking c:\Users\Ян\Desktop\Crystal\node_modules\.staging\bcrypt-7c136aee
233 silly gunzTarPerm modes [ '777', '666' ]
234 silly gunzTarPerm extractEntry package.json
235 silly gunzTarPerm modified mode [ 'package.json', 420, 438 ]
236 silly gunzTarPerm extractEntry package.json
237 silly gunzTarPerm extractEntry package.json
238 silly gunzTarPerm modified mode [ 'package.json', 420, 438 ]
239 silly gunzTarPerm extractEntry package.json
240 silly gunzTarPerm modified mode [ 'package.json', 436, 438 ]
241 silly gunzTarPerm extractEntry package.json
242 silly gunzTarPerm modified mode [ 'package.json', 420, 438 ]
243 silly gunzTarPerm extractEntry README.md
244 silly gunzTarPerm modified mode [ 'README.md', 420, 438 ]
245 silly gunzTarPerm extractEntry LICENSE
246 silly gunzTarPerm modified mode [ 'LICENSE', 420, 438 ]
247 silly gunzTarPerm extractEntry .npmignore
248 silly gunzTarPerm extractEntry index.js
249 silly gunzTarPerm extractEntry README.md
250 silly gunzTarPerm modified mode [ 'README.md', 420, 438 ]
251 silly gunzTarPerm extractEntry bindings.js
252 silly gunzTarPerm modified mode [ 'bindings.js', 420, 438 ]
253 silly gunzTarPerm extractEntry README.md
254 silly gunzTarPerm modified mode [ 'README.md', 436, 438 ]
255 silly gunzTarPerm extractEntry .npmignore
256 silly gunzTarPerm modified mode [ '.npmignore', 420, 438 ]
257 silly gunzTarPerm extractEntry README.md
258 silly gunzTarPerm modified mode [ 'README.md', 420, 438 ]
259 silly gunzTarPerm extractEntry include_dirs.js
260 silly gunzTarPerm modified mode [ 'include_dirs.js', 436, 438 ]
261 silly gunzTarPerm extractEntry .eslintrc
262 silly gunzTarPerm extractEntry .travis.yml
263 silly gunzTarPerm extractEntry lib/index.js
264 silly gunzTarPerm modified mode [ 'lib/index.js', 420, 438 ]
265 silly gunzTarPerm extractEntry lib/strategy.js
266 silly gunzTarPerm modified mode [ 'lib/strategy.js', 420, 438 ]
267 silly gunzTarPerm extractEntry LICENSE
268 silly gunzTarPerm modified mode [ 'LICENSE', 420, 438 ]
269 silly gunzTarPerm extractEntry bcrypt.js
270 silly gunzTarPerm modified mode [ 'bcrypt.js', 420, 438 ]
271 silly gunzTarPerm extractEntry Makefile
272 silly gunzTarPerm modified mode [ 'Makefile', 420, 438 ]
273 silly gunzTarPerm extractEntry .travis.yml
274 silly gunzTarPerm modified mode [ '.travis.yml', 420, 438 ]
275 silly gunzTarPerm extractEntry CHANGELOG.md
276 silly gunzTarPerm modified mode [ 'CHANGELOG.md', 420, 438 ]
277 silly gunzTarPerm extractEntry binding.gyp
278 silly gunzTarPerm modified mode [ 'binding.gyp', 420, 438 ]
279 silly gunzTarPerm extractEntry examples/async_compare.js
280 silly gunzTarPerm modified mode [ 'examples/async_compare.js', 420, 438 ]
281 silly gunzTarPerm extractEntry examples/forever_gen_salt.js
282 silly gunzTarPerm modified mode [ 'examples/forever_gen_salt.js', 420, 438 ]
283 silly gunzTarPerm extractEntry test/async.js
284 silly gunzTarPerm modified mode [ 'test/async.js', 420, 438 ]
285 silly gunzTarPerm extractEntry test/repetitions.js
286 silly gunzTarPerm modified mode [ 'test/repetitions.js', 420, 438 ]
287 silly gunzTarPerm extractEntry test/sync.js
288 silly gunzTarPerm modified mode [ 'test/sync.js', 420, 438 ]
289 silly gunzTarPerm extractEntry ISSUE_TEMPLATE.md
290 silly gunzTarPerm modified mode [ 'ISSUE_TEMPLATE.md', 420, 438 ]
291 silly gunzTarPerm extractEntry src/bcrypt.cc
292 silly gunzTarPerm modified mode [ 'src/bcrypt.cc', 420, 438 ]
293 silly gunzTarPerm extractEntry src/bcrypt_node.cc
294 silly gunzTarPerm modified mode [ 'src/bcrypt_node.cc', 420, 438 ]
295 silly gunzTarPerm extractEntry src/blowfish.cc
296 silly gunzTarPerm modified mode [ 'src/blowfish.cc', 420, 438 ]
297 silly gunzTarPerm extractEntry src/node_blf.h
298 silly gunzTarPerm modified mode [ 'src/node_blf.h', 420, 438 ]
299 silly gunzTarPerm extractEntry werker.yml
300 silly gunzTarPerm modified mode [ 'werker.yml', 420, 438 ]
301 silly gunzTarPerm extractEntry nan_converters.h
302 silly gunzTarPerm modified mode [ 'nan_converters.h', 436, 438 ]
303 silly gunzTarPerm extractEntry LICENSE.md
304 silly gunzTarPerm modified mode [ 'LICENSE.md', 436, 438 ]
305 silly gunzTarPerm extractEntry doc/node_misc.md
306 silly gunzTarPerm modified mode [ 'doc/node_misc.md', 436, 438 ]
307 silly gunzTarPerm extractEntry doc/asyncworker.md
308 silly gunzTarPerm modified mode [ 'doc/asyncworker.md', 436, 438 ]
309 silly gunzTarPerm extractEntry history.md
310 silly gunzTarPerm extractEntry license
311 silly gunzTarPerm extractEntry doc/callback.md
312 silly gunzTarPerm modified mode [ 'doc/callback.md', 436, 438 ]
313 silly gunzTarPerm extractEntry doc/converters.md
314 silly gunzTarPerm modified mode [ 'doc/converters.md', 436, 438 ]
315 silly gunzTarPerm extractEntry lib/utils.js
316 silly gunzTarPerm modified mode [ 'lib/utils.js', 420, 438 ]
317 silly gunzTarPerm extractEntry readme.md
318 silly gunzTarPerm extractEntry .gitattributes
319 silly gunzTarPerm extractEntry test/index.js
320 silly gunzTarPerm extractEntry test/.eslintrc
321 silly gunzTarPerm extractEntry test/fixtures/basic.ejs
322 silly gunzTarPerm extractEntry test/fixtures/basic.html
323 silly gunzTarPerm extractEntry test/fixtures/basic.pug
324 silly gunzTarPerm extractEntry test/fixtures/global-state.pug
325 silly gunzTarPerm extractEntry test/fixtures/index.html
326 silly gunzTarPerm extractEntry test/fixtures/state.pug
327 silly gunzTarPerm extractEntry test/fixtures/underscore.html
328 silly gunzTarPerm extractEntry doc/errors.md
329 silly gunzTarPerm modified mode [ 'doc/errors.md', 436, 438 ]
330 silly gunzTarPerm extractEntry doc/maybe_types.md
331 silly gunzTarPerm modified mode [ 'doc/maybe_types.md', 436, 438 ]
332 silly gunzTarPerm extractEntry doc/methods.md
333 silly gunzTarPerm modified mode [ 'doc/methods.md', 436, 438 ]
334 silly gunzTarPerm extractEntry doc/new.md
335 silly gunzTarPerm modified mode [ 'doc/new.md', 436, 438 ]
336 silly gentlyRm c:\Users\Ян\Desktop\Crystal\node_modules\.staging\bindings-2aeec94c\node_modules is being purged
337 verbose gentlyRm don't care about contents; nuking c:\Users\Ян\Desktop\Crystal\node_modules\.staging\bindings-2aeec94c\node_modules
338 silly gunzTarPerm extractEntry doc/buffers.md
339 silly gunzTarPerm modified mode [ 'doc/buffers.md', 436, 438 ]
340 silly gunzTarPerm extractEntry doc/object_wrappers.md
341 silly gunzTarPerm modified mode [ 'doc/object_wrappers.md', 436, 438 ]
342 silly gunzTarPerm extractEntry doc/persistent.md
343 silly gunzTarPerm modified mode [ 'doc/persistent.md', 436, 438 ]
344 silly gunzTarPerm extractEntry doc/scopes.md
345 silly gunzTarPerm modified mode [ 'doc/scopes.md', 436, 438 ]
346 silly gunzTarPerm extractEntry doc/script.md
347 silly gunzTarPerm modified mode [ 'doc/script.md', 436, 438 ]
348 silly gunzTarPerm extractEntry doc/string_bytes.md
349 silly gunzTarPerm modified mode [ 'doc/string_bytes.md', 436, 438 ]
350 silly gentlyRm c:\Users\Ян\Desktop\Crystal\node_modules\.staging\passport-local-e5f678c9\node_modules is being purged
351 verbose gentlyRm don't care about contents; nuking c:\Users\Ян\Desktop\Crystal\node_modules\.staging\passport-local-e5f678c9\node_modules
352 silly gunzTarPerm extractEntry doc/v8_internals.md
353 silly gunzTarPerm modified mode [ 'doc/v8_internals.md', 436, 438 ]
354 silly gunzTarPerm extractEntry doc/v8_misc.md
355 silly gunzTarPerm modified mode [ 'doc/v8_misc.md', 436, 438 ]
356 silly gunzTarPerm extractEntry nan.h
357 silly gunzTarPerm modified mode [ 'nan.h', 436, 438 ]
358 silly gunzTarPerm extractEntry nan_callbacks.h
359 silly gunzTarPerm modified mode [ 'nan_callbacks.h', 436, 438 ]
360 silly gunzTarPerm extractEntry nan_callbacks_12_inl.h
361 silly gunzTarPerm modified mode [ 'nan_callbacks_12_inl.h', 436, 438 ]
362 silly gunzTarPerm extractEntry nan_callbacks_pre_12_inl.h
363 silly gunzTarPerm modified mode [ 'nan_callbacks_pre_12_inl.h', 436, 438 ]
364 silly gunzTarPerm extractEntry nan_converters_43_inl.h
365 silly gunzTarPerm modified mode [ 'nan_converters_43_inl.h', 436, 438 ]
366 silly gunzTarPerm extractEntry nan_converters_pre_43_inl.h
367 silly gunzTarPerm modified mode [ 'nan_converters_pre_43_inl.h', 436, 438 ]
368 silly gunzTarPerm extractEntry nan_implementation_12_inl.h
369 silly gunzTarPerm modified mode [ 'nan_implementation_12_inl.h', 436, 438 ]
370 silly gunzTarPerm extractEntry nan_implementation_pre_12_inl.h
371 silly gunzTarPerm modified mode [ 'nan_implementation_pre_12_inl.h', 436, 438 ]
372 silly gunzTarPerm extractEntry nan_maybe_43_inl.h
373 silly gunzTarPerm modified mode [ 'nan_maybe_43_inl.h', 436, 438 ]
374 silly gunzTarPerm extractEntry nan_maybe_pre_43_inl.h
375 silly gunzTarPerm modified mode [ 'nan_maybe_pre_43_inl.h', 436, 438 ]
376 silly gunzTarPerm extractEntry nan_new.h
377 silly gunzTarPerm modified mode [ 'nan_new.h', 436, 438 ]
378 silly gunzTarPerm extractEntry nan_object_wrap.h
379 silly gunzTarPerm modified mode [ 'nan_object_wrap.h', 436, 438 ]
380 silly gunzTarPerm extractEntry nan_persistent_12_inl.h
381 silly gunzTarPerm modified mode [ 'nan_persistent_12_inl.h', 436, 438 ]
382 silly gunzTarPerm extractEntry nan_persistent_pre_12_inl.h
383 silly gunzTarPerm modified mode [ 'nan_persistent_pre_12_inl.h', 436, 438 ]
384 silly gunzTarPerm extractEntry nan_string_bytes.h
385 silly gunzTarPerm modified mode [ 'nan_string_bytes.h', 436, 438 ]
386 silly gunzTarPerm extractEntry nan_typedarray_contents.h
387 silly gunzTarPerm modified mode [ 'nan_typedarray_contents.h', 436, 438 ]
388 silly gunzTarPerm extractEntry nan_weak.h
389 silly gunzTarPerm modified mode [ 'nan_weak.h', 436, 438 ]
390 silly gunzTarPerm extractEntry CHANGELOG.md
391 silly gunzTarPerm modified mode [ 'CHANGELOG.md', 436, 438 ]
392 silly gunzTarPerm extractEntry tools/package.json
393 silly gunzTarPerm modified mode [ 'tools/package.json', 436, 438 ]
394 silly gunzTarPerm extractEntry tools/README.md
395 silly gunzTarPerm modified mode [ 'tools/README.md', 436, 438 ]
396 silly gunzTarPerm extractEntry tools/1to2.js
397 silly gunzTarPerm modified mode [ 'tools/1to2.js', 509, 511 ]
398 silly gentlyRm c:\Users\Ян\Desktop\Crystal\node_modules\.staging\koa-views-8a9d641f\node_modules is being purged
399 verbose gentlyRm don't care about contents; nuking c:\Users\Ян\Desktop\Crystal\node_modules\.staging\koa-views-8a9d641f\node_modules
400 silly gentlyRm c:\Users\Ян\Desktop\Crystal\node_modules\.staging\bcrypt-7c136aee\node_modules is being purged
401 verbose gentlyRm don't care about contents; nuking c:\Users\Ян\Desktop\Crystal\node_modules\.staging\bcrypt-7c136aee\node_modules
402 silly gentlyRm c:\Users\Ян\Desktop\Crystal\node_modules\.staging\nan-5297a4e5\node_modules is being purged
403 verbose gentlyRm don't care about contents; nuking c:\Users\Ян\Desktop\Crystal\node_modules\.staging\nan-5297a4e5\node_modules
404 silly doParallel preinstall 5
405 silly preinstall bindings@1.2.1 c:\Users\Ян\Desktop\Crystal\node_modules\.staging\bindings-2aeec94c
406 info lifecycle bindings@1.2.1~preinstall: bindings@1.2.1
407 silly preinstall nan@2.3.5 c:\Users\Ян\Desktop\Crystal\node_modules\.staging\nan-5297a4e5
408 info lifecycle nan@2.3.5~preinstall: nan@2.3.5
409 silly preinstall bcrypt@0.8.7 c:\Users\Ян\Desktop\Crystal\node_modules\.staging\bcrypt-7c136aee
410 info lifecycle bcrypt@0.8.7~preinstall: bcrypt@0.8.7
411 silly preinstall koa-views@5.0.2 c:\Users\Ян\Desktop\Crystal\node_modules\.staging\koa-views-8a9d641f
412 info lifecycle koa-views@5.0.2~preinstall: koa-views@5.0.2
413 silly preinstall passport-local@1.0.0 c:\Users\Ян\Desktop\Crystal\node_modules\.staging\passport-local-e5f678c9
414 info lifecycle passport-local@1.0.0~preinstall: passport-local@1.0.0
415 silly lifecycle bindings@1.2.1~preinstall: no script for preinstall, continuing
416 silly lifecycle nan@2.3.5~preinstall: no script for preinstall, continuing
417 silly lifecycle bcrypt@0.8.7~preinstall: no script for preinstall, continuing
418 silly lifecycle koa-views@5.0.2~preinstall: no script for preinstall, continuing
419 silly lifecycle passport-local@1.0.0~preinstall: no script for preinstall, continuing
420 silly doReverseSerial remove 0
421 silly doSerial move 0
422 silly doSerial finalize 5
423 silly finalize c:\Users\Ян\Desktop\Crystal\node_modules\bindings
424 silly finalize c:\Users\Ян\Desktop\Crystal\node_modules\nan
425 silly finalize c:\Users\Ян\Desktop\Crystal\node_modules\bcrypt
426 silly finalize c:\Users\Ян\Desktop\Crystal\node_modules\koa-views
427 silly finalize c:\Users\Ян\Desktop\Crystal\node_modules\passport-local
428 silly doSerial build 5
429 silly build bindings@1.2.1
430 info linkStuff bindings@1.2.1
431 silly linkStuff bindings@1.2.1 has c:\Users\Ян\Desktop\Crystal\node_modules as its parent node_modules
432 verbose linkBins bindings@1.2.1
433 verbose linkMans bindings@1.2.1
434 silly build nan@2.3.5
435 info linkStuff nan@2.3.5
436 silly linkStuff nan@2.3.5 has c:\Users\Ян\Desktop\Crystal\node_modules as its parent node_modules
437 verbose linkBins nan@2.3.5
438 verbose linkMans nan@2.3.5
439 silly build bcrypt@0.8.7
440 info linkStuff bcrypt@0.8.7
441 silly linkStuff bcrypt@0.8.7 has c:\Users\Ян\Desktop\Crystal\node_modules as its parent node_modules
442 verbose linkBins bcrypt@0.8.7
443 verbose linkMans bcrypt@0.8.7
444 silly build koa-views@5.0.2
445 info linkStuff koa-views@5.0.2
446 silly linkStuff koa-views@5.0.2 has c:\Users\Ян\Desktop\Crystal\node_modules as its parent node_modules
447 verbose linkBins koa-views@5.0.2
448 verbose linkMans koa-views@5.0.2
449 silly build passport-local@1.0.0
450 info linkStuff passport-local@1.0.0
451 silly linkStuff passport-local@1.0.0 has c:\Users\Ян\Desktop\Crystal\node_modules as its parent node_modules
452 verbose linkBins passport-local@1.0.0
453 verbose linkMans passport-local@1.0.0
454 silly doSerial global-link 0
455 silly doParallel update-linked 0
456 silly doSerial install 5
457 silly install bindings@1.2.1 c:\Users\Ян\Desktop\Crystal\node_modules\.staging\bindings-2aeec94c
458 info lifecycle bindings@1.2.1~install: bindings@1.2.1
459 silly lifecycle bindings@1.2.1~install: no script for install, continuing
460 silly install nan@2.3.5 c:\Users\Ян\Desktop\Crystal\node_modules\.staging\nan-5297a4e5
461 info lifecycle nan@2.3.5~install: nan@2.3.5
462 silly lifecycle nan@2.3.5~install: no script for install, continuing
463 silly install bcrypt@0.8.7 c:\Users\Ян\Desktop\Crystal\node_modules\.staging\bcrypt-7c136aee
464 info lifecycle bcrypt@0.8.7~install: bcrypt@0.8.7
465 verbose lifecycle bcrypt@0.8.7~install: unsafe-perm in lifecycle true
466 verbose lifecycle bcrypt@0.8.7~install: PATH: C:\Users\Ян\AppData\Roaming\nvm\v6.1.0\node_modules\npm\bin\node-gyp-bin;c:\Users\Ян\Desktop\Crystal\node_modules\bcrypt\node_modules\.bin;c:\Users\Ян\Desktop\Crystal\node_modules\.bin;c:\Program Files\nodejs;c:\Users\Ян\bin;.;C:\Program Files (x86)\Git\local\bin;C:\Program Files (x86)\Git\mingw\bin;C:\Program Files (x86)\Git\bin;c:\Program Files (x86)\Razer Chroma SDK\bin;c:\Program Files\Razer Chroma SDK\bin;c:\ProgramData\Oracle\Java\javapath;c:\Program Files\Common Files\Microsoft Shared\Windows Live;c:\Program Files (x86)\Common Files\Microsoft Shared\Windows Live;c:\Program Files (x86)\NVIDIA Corporation\PhysX\Common;c:\Program Files (x86)\Intel\iCLS Client\;c:\Program Files\Intel\iCLS Client\;c:\Windows\system32;c:\Windows;c:\Windows\System32\Wbem;c:\Windows\System32\WindowsPowerShell\v1.0\;c:\Program Files\Intel\Intel(R) Management Engine Components\DAL;c:\Program Files\Intel\Intel(R) Management Engine Components\IPT;c:\Program Files (x86)\Intel\Intel(R) Management Engine Components\DAL;c:\Program Files (x86)\Intel\Intel(R) Management Engine Components\IPT;c:\Program Files\Common Files\Autodesk Shared\;c:\mingw\bin;c:\Qt\4.8.4\bin;c:\Program Files (x86)\Autodesk\Backburner\;c:\Program Files (x86)\Windows Live\Shared;c:\Program Files\Microsoft SQL Server\110\Tools\Binn\;c:\Program Files\Microsoft SQL Server\120\Tools\Binn\;c:\Program Files (x86)\Skype\Phone\;c:\Program Files\MongoDB\Server\3.2\bin;c:\Python27;c:\Python27\scripts;c:\Users\Ян\AppData\Roaming\npm;c:\Program Files\Redis\;c:\Program Files\MySQL\MySQL Utilities 1.6\;c:\Users\Ян\AppData\Roaming\nvm;c:\Program Files\nodejs;c:\Program Files\nodejs;c:\Program Files\Java\jdk1.8.0_101\bin;c:\Program Files\Java\jdk1.8.0_101\jre\bin;c:\Program Files\apache-maven-3.3.9\bin;c:\Users\Ян\AppData\Roaming\nvm;c:\Program Files\nodejs
467 verbose lifecycle bcrypt@0.8.7~install: CWD: c:\Users\Ян\Desktop\Crystal\node_modules\bcrypt
468 silly lifecycle bcrypt@0.8.7~install: Args: [ '/d /s /c', 'node-gyp rebuild' ]
469 silly lifecycle bcrypt@0.8.7~install: Returned: code: 1  signal: null
470 info lifecycle bcrypt@0.8.7~install: Failed to exec install script
471 verbose unlock done using C:\Users\Ян\AppData\Roaming\npm-cache\_locks\staging-534b3f3274500b95.lock for c:\Users\Ян\Desktop\Crystal\node_modules\.staging
472 silly rollbackFailedOptional Starting
473 silly rollbackFailedOptional Finishing
474 silly runTopLevelLifecycles Starting
475 silly runTopLevelLifecycles Finishing
476 silly install printInstalled
477 verbose stack Error: bcrypt@0.8.7 install: `node-gyp rebuild`
477 verbose stack Exit status 1
477 verbose stack     at EventEmitter.<anonymous> (C:\Users\Ян\AppData\Roaming\nvm\v6.1.0\node_modules\npm\lib\utils\lifecycle.js:239:16)
477 verbose stack     at emitTwo (events.js:106:13)
477 verbose stack     at EventEmitter.emit (events.js:191:7)
477 verbose stack     at ChildProcess.<anonymous> (C:\Users\Ян\AppData\Roaming\nvm\v6.1.0\node_modules\npm\lib\utils\spawn.js:24:14)
477 verbose stack     at emitTwo (events.js:106:13)
477 verbose stack     at ChildProcess.emit (events.js:191:7)
477 verbose stack     at maybeClose (internal/child_process.js:850:16)
477 verbose stack     at Process.ChildProcess._handle.onexit (internal/child_process.js:215:5)
478 verbose pkgid bcrypt@0.8.7
479 verbose cwd c:\Users\Ян\Desktop\Crystal
480 error Windows_NT 6.1.7601
481 error argv "c:\\Program Files\\nodejs\\node.exe" "c:\\Program Files\\nodejs\\node_modules\\npm\\bin\\npm-cli.js" "i" "bcrypt" "--save"
482 error node v6.1.0
483 error npm  v3.8.6
484 error code ELIFECYCLE
485 error bcrypt@0.8.7 install: `node-gyp rebuild`
485 error Exit status 1
486 error Failed at the bcrypt@0.8.7 install script 'node-gyp rebuild'.
486 error Make sure you have the latest version of node.js and npm installed.
486 error If you do, this is most likely a problem with the bcrypt package,
486 error not with npm itself.
486 error Tell the author that this fails on your system:
486 error     node-gyp rebuild
486 error You can get information on how to open an issue for this project with:
486 error     npm bugs bcrypt
486 error Or if that isn't available, you can get their info via:
486 error     npm owner ls bcrypt
486 error There is likely additional logging output above.
487 verbose exit [ 1, true ]
